mode: atomic
e1m0re/loyalty-srv/cmd/gophermart/main.go:17.13,21.12 3 0
e1m0re/loyalty-srv/cmd/gophermart/main.go:21.12,27.3 4 0
e1m0re/loyalty-srv/cmd/gophermart/main.go:29.2,32.16 3 0
e1m0re/loyalty-srv/cmd/gophermart/main.go:32.16,35.3 2 0
e1m0re/loyalty-srv/cmd/gophermart/main.go:37.2,38.16 2 0
e1m0re/loyalty-srv/cmd/gophermart/main.go:38.16,39.43 1 0
e1m0re/loyalty-srv/cmd/gophermart/main.go:39.43,42.4 2 0
e1m0re/loyalty-srv/cmd/gophermart/main.go:44.3,47.4 1 0
e1m0re/loyalty-srv/internal/api/config.go:14.27,21.68 6 0
e1m0re/loyalty-srv/internal/api/config.go:21.68,23.3 1 0
e1m0re/loyalty-srv/internal/api/config.go:25.2,25.71 1 0
e1m0re/loyalty-srv/internal/api/config.go:25.71,27.3 1 0
e1m0re/loyalty-srv/internal/api/config.go:29.2,29.99 1 0
e1m0re/loyalty-srv/internal/api/config.go:29.99,31.3 1 0
e1m0re/loyalty-srv/internal/api/config.go:33.2,33.16 1 0
e1m0re/loyalty-srv/internal/api/migrate.go:11.55,15.16 3 0
e1m0re/loyalty-srv/internal/api/migrate.go:15.16,17.3 1 0
e1m0re/loyalty-srv/internal/api/migrate.go:19.2,21.16 3 0
e1m0re/loyalty-srv/internal/api/migrate.go:21.16,23.3 1 0
e1m0re/loyalty-srv/internal/api/migrate.go:25.2,26.16 2 0
e1m0re/loyalty-srv/internal/api/migrate.go:26.16,28.3 1 0
e1m0re/loyalty-srv/internal/api/migrate.go:30.2,30.19 1 0
e1m0re/loyalty-srv/internal/api/server.go:23.67,25.16 2 0
e1m0re/loyalty-srv/internal/api/server.go:25.16,27.3 1 0
e1m0re/loyalty-srv/internal/api/server.go:29.2,41.17 5 0
e1m0re/loyalty-srv/internal/api/server.go:44.63,47.56 3 0
e1m0re/loyalty-srv/internal/api/server.go:47.56,49.3 1 0
e1m0re/loyalty-srv/internal/api/server.go:51.2,51.12 1 0
e1m0re/loyalty-srv/internal/api/server.go:54.53,57.22 2 0
e1m0re/loyalty-srv/internal/api/server.go:57.22,59.3 1 0
e1m0re/loyalty-srv/internal/api/server.go:61.2,61.22 1 0
e1m0re/loyalty-srv/internal/api/server.go:61.22,65.3 2 0
e1m0re/loyalty-srv/internal/api/server.go:67.2,67.19 1 0
e1m0re/loyalty-srv/internal/api/server.go:70.56,72.2 1 0
e1m0re/loyalty-srv/internal/api/handler/middleware/privateRoute.go:5.51,6.71 1 0
e1m0re/loyalty-srv/internal/api/handler/middleware/privateRoute.go:6.71,8.10 2 0
e1m0re/loyalty-srv/internal/api/handler/middleware/privateRoute.go:8.10,11.4 2 0
e1m0re/loyalty-srv/internal/api/handler/middleware/privateRoute.go:13.3,13.23 1 0
e1m0re/loyalty-srv/internal/repository/mocks/OrderRepository.go:18.109,21.19 2 0
e1m0re/loyalty-srv/internal/repository/mocks/OrderRepository.go:21.19,22.50 1 0
e1m0re/loyalty-srv/internal/repository/mocks/OrderRepository.go:25.2,27.95 3 0
e1m0re/loyalty-srv/internal/repository/mocks/OrderRepository.go:27.95,29.3 1 0
e1m0re/loyalty-srv/internal/repository/mocks/OrderRepository.go:30.2,30.86 1 0
e1m0re/loyalty-srv/internal/repository/mocks/OrderRepository.go:30.86,32.3 1 0
e1m0re/loyalty-srv/internal/repository/mocks/OrderRepository.go:32.8,33.24 1 0
e1m0re/loyalty-srv/internal/repository/mocks/OrderRepository.go:33.24,35.4 1 0
e1m0re/loyalty-srv/internal/repository/mocks/OrderRepository.go:38.2,38.78 1 0
e1m0re/loyalty-srv/internal/repository/mocks/OrderRepository.go:38.78,40.3 1 0
e1m0re/loyalty-srv/internal/repository/mocks/OrderRepository.go:40.8,42.3 1 0
e1m0re/loyalty-srv/internal/repository/mocks/OrderRepository.go:44.2,44.15 1 0
e1m0re/loyalty-srv/internal/repository/mocks/OrderRepository.go:48.120,51.19 2 0
e1m0re/loyalty-srv/internal/repository/mocks/OrderRepository.go:51.19,52.65 1 0
e1m0re/loyalty-srv/internal/repository/mocks/OrderRepository.go:55.2,57.94 3 0
e1m0re/loyalty-srv/internal/repository/mocks/OrderRepository.go:57.94,59.3 1 0
e1m0re/loyalty-srv/internal/repository/mocks/OrderRepository.go:60.2,60.85 1 0
e1m0re/loyalty-srv/internal/repository/mocks/OrderRepository.go:60.85,62.3 1 0
e1m0re/loyalty-srv/internal/repository/mocks/OrderRepository.go:62.8,63.24 1 0
e1m0re/loyalty-srv/internal/repository/mocks/OrderRepository.go:63.24,65.4 1 0
e1m0re/loyalty-srv/internal/repository/mocks/OrderRepository.go:68.2,68.75 1 0
e1m0re/loyalty-srv/internal/repository/mocks/OrderRepository.go:68.75,70.3 1 0
e1m0re/loyalty-srv/internal/repository/mocks/OrderRepository.go:70.8,72.3 1 0
e1m0re/loyalty-srv/internal/repository/mocks/OrderRepository.go:74.2,74.15 1 0
e1m0re/loyalty-srv/internal/repository/mocks/OrderRepository.go:82.21,86.19 3 0
e1m0re/loyalty-srv/internal/repository/mocks/OrderRepository.go:86.19,86.49 1 0
e1m0re/loyalty-srv/internal/repository/mocks/OrderRepository.go:88.2,88.13 1 0
e1m0re/loyalty-srv/internal/repository/mocks/UserRepository.go:20.107,23.19 2 0
e1m0re/loyalty-srv/internal/repository/mocks/UserRepository.go:23.19,24.52 1 0
e1m0re/loyalty-srv/internal/repository/mocks/UserRepository.go:27.2,29.93 3 0
e1m0re/loyalty-srv/internal/repository/mocks/UserRepository.go:29.93,31.3 1 0
e1m0re/loyalty-srv/internal/repository/mocks/UserRepository.go:32.2,32.84 1 0
e1m0re/loyalty-srv/internal/repository/mocks/UserRepository.go:32.84,34.3 1 0
e1m0re/loyalty-srv/internal/repository/mocks/UserRepository.go:34.8,35.24 1 0
e1m0re/loyalty-srv/internal/repository/mocks/UserRepository.go:35.24,37.4 1 0
e1m0re/loyalty-srv/internal/repository/mocks/UserRepository.go:40.2,40.77 1 0
e1m0re/loyalty-srv/internal/repository/mocks/UserRepository.go:40.77,42.3 1 0
e1m0re/loyalty-srv/internal/repository/mocks/UserRepository.go:42.8,44.3 1 0
e1m0re/loyalty-srv/internal/repository/mocks/UserRepository.go:46.2,46.15 1 0
e1m0re/loyalty-srv/internal/repository/mocks/UserRepository.go:50.105,53.19 2 0
e1m0re/loyalty-srv/internal/repository/mocks/UserRepository.go:53.19,54.59 1 0
e1m0re/loyalty-srv/internal/repository/mocks/UserRepository.go:57.2,59.84 3 0
e1m0re/loyalty-srv/internal/repository/mocks/UserRepository.go:59.84,61.3 1 0
e1m0re/loyalty-srv/internal/repository/mocks/UserRepository.go:62.2,62.75 1 0
e1m0re/loyalty-srv/internal/repository/mocks/UserRepository.go:62.75,64.3 1 0
e1m0re/loyalty-srv/internal/repository/mocks/UserRepository.go:64.8,65.24 1 0
e1m0re/loyalty-srv/internal/repository/mocks/UserRepository.go:65.24,67.4 1 0
e1m0re/loyalty-srv/internal/repository/mocks/UserRepository.go:70.2,70.68 1 0
e1m0re/loyalty-srv/internal/repository/mocks/UserRepository.go:70.68,72.3 1 0
e1m0re/loyalty-srv/internal/repository/mocks/UserRepository.go:72.8,74.3 1 0
e1m0re/loyalty-srv/internal/repository/mocks/UserRepository.go:76.2,76.15 1 0
e1m0re/loyalty-srv/internal/repository/mocks/UserRepository.go:80.106,83.19 2 0
e1m0re/loyalty-srv/internal/repository/mocks/UserRepository.go:83.19,84.62 1 0
e1m0re/loyalty-srv/internal/repository/mocks/UserRepository.go:87.2,88.86 2 0
e1m0re/loyalty-srv/internal/repository/mocks/UserRepository.go:88.86,90.3 1 0
e1m0re/loyalty-srv/internal/repository/mocks/UserRepository.go:90.8,92.3 1 0
e1m0re/loyalty-srv/internal/repository/mocks/UserRepository.go:94.2,94.11 1 0
e1m0re/loyalty-srv/internal/repository/mocks/UserRepository.go:102.20,106.19 3 0
e1m0re/loyalty-srv/internal/repository/mocks/UserRepository.go:106.19,106.49 1 0
e1m0re/loyalty-srv/internal/repository/mocks/UserRepository.go:108.2,108.13 1 0
e1m0re/loyalty-srv/internal/apperrors/errors.go:8.50,10.2 1 0
e1m0re/loyalty-srv/internal/apperrors/errors.go:12.38,14.2 1 0
e1m0re/loyalty-srv/internal/models/order.go:30.47,39.2 2 0
e1m0re/loyalty-srv/internal/repository/order_repository.go:16.54,20.2 1 0
e1m0re/loyalty-srv/internal/repository/order_repository.go:22.110,32.16 4 0
e1m0re/loyalty-srv/internal/repository/order_repository.go:32.16,34.3 1 0
e1m0re/loyalty-srv/internal/repository/order_repository.go:36.2,36.19 1 0
e1m0re/loyalty-srv/internal/repository/order_repository.go:39.124,44.2 3 0
e1m0re/loyalty-srv/internal/repository/repository.go:30.49,35.2 1 0
e1m0re/loyalty-srv/internal/repository/user_repository.go:20.52,24.2 1 0
e1m0re/loyalty-srv/internal/repository/user_repository.go:26.118,34.16 4 0
e1m0re/loyalty-srv/internal/repository/user_repository.go:34.16,35.44 1 0
e1m0re/loyalty-srv/internal/repository/user_repository.go:35.44,37.4 1 0
e1m0re/loyalty-srv/internal/repository/user_repository.go:38.3,38.18 1 0
e1m0re/loyalty-srv/internal/repository/user_repository.go:41.2,41.18 1 0
e1m0re/loyalty-srv/internal/repository/user_repository.go:44.116,48.9 4 0
e1m0re/loyalty-srv/internal/repository/user_repository.go:49.37,50.44 1 0
e1m0re/loyalty-srv/internal/repository/user_repository.go:51.18,52.18 1 0
e1m0re/loyalty-srv/internal/repository/user_repository.go:53.10,54.9 1 0
e1m0re/loyalty-srv/internal/repository/user_repository.go:58.108,63.2 3 0
e1m0re/loyalty-srv/internal/service/mocks/AccountsService.go:18.111,21.19 2 0
e1m0re/loyalty-srv/internal/service/mocks/AccountsService.go:21.19,22.60 1 0
e1m0re/loyalty-srv/internal/service/mocks/AccountsService.go:25.2,27.94 3 0
e1m0re/loyalty-srv/internal/service/mocks/AccountsService.go:27.94,29.3 1 0
e1m0re/loyalty-srv/internal/service/mocks/AccountsService.go:30.2,30.85 1 0
e1m0re/loyalty-srv/internal/service/mocks/AccountsService.go:30.85,32.3 1 0
e1m0re/loyalty-srv/internal/service/mocks/AccountsService.go:32.8,33.24 1 0
e1m0re/loyalty-srv/internal/service/mocks/AccountsService.go:33.24,35.4 1 0
e1m0re/loyalty-srv/internal/service/mocks/AccountsService.go:38.2,38.75 1 0
e1m0re/loyalty-srv/internal/service/mocks/AccountsService.go:38.75,40.3 1 0
e1m0re/loyalty-srv/internal/service/mocks/AccountsService.go:40.8,42.3 1 0
e1m0re/loyalty-srv/internal/service/mocks/AccountsService.go:44.2,44.15 1 0
e1m0re/loyalty-srv/internal/service/mocks/AccountsService.go:48.119,51.19 2 0
e1m0re/loyalty-srv/internal/service/mocks/AccountsService.go:51.19,52.64 1 0
e1m0re/loyalty-srv/internal/service/mocks/AccountsService.go:55.2,57.98 3 0
e1m0re/loyalty-srv/internal/service/mocks/AccountsService.go:57.98,59.3 1 0
e1m0re/loyalty-srv/internal/service/mocks/AccountsService.go:60.2,60.89 1 0
e1m0re/loyalty-srv/internal/service/mocks/AccountsService.go:60.89,62.3 1 0
e1m0re/loyalty-srv/internal/service/mocks/AccountsService.go:62.8,63.24 1 0
e1m0re/loyalty-srv/internal/service/mocks/AccountsService.go:63.24,65.4 1 0
e1m0re/loyalty-srv/internal/service/mocks/AccountsService.go:68.2,68.75 1 0
e1m0re/loyalty-srv/internal/service/mocks/AccountsService.go:68.75,70.3 1 0
e1m0re/loyalty-srv/internal/service/mocks/AccountsService.go:70.8,72.3 1 0
e1m0re/loyalty-srv/internal/service/mocks/AccountsService.go:74.2,74.15 1 0
e1m0re/loyalty-srv/internal/service/mocks/AccountsService.go:78.112,81.19 2 0
e1m0re/loyalty-srv/internal/service/mocks/AccountsService.go:81.19,82.56 1 0
e1m0re/loyalty-srv/internal/service/mocks/AccountsService.go:85.2,87.99 3 0
e1m0re/loyalty-srv/internal/service/mocks/AccountsService.go:87.99,89.3 1 0
e1m0re/loyalty-srv/internal/service/mocks/AccountsService.go:90.2,90.90 1 0
e1m0re/loyalty-srv/internal/service/mocks/AccountsService.go:90.90,92.3 1 0
e1m0re/loyalty-srv/internal/service/mocks/AccountsService.go:92.8,93.24 1 0
e1m0re/loyalty-srv/internal/service/mocks/AccountsService.go:93.24,95.4 1 0
e1m0re/loyalty-srv/internal/service/mocks/AccountsService.go:98.2,98.75 1 0
e1m0re/loyalty-srv/internal/service/mocks/AccountsService.go:98.75,100.3 1 0
e1m0re/loyalty-srv/internal/service/mocks/AccountsService.go:100.8,102.3 1 0
e1m0re/loyalty-srv/internal/service/mocks/AccountsService.go:104.2,104.15 1 0
e1m0re/loyalty-srv/internal/service/mocks/AccountsService.go:108.121,111.19 2 0
e1m0re/loyalty-srv/internal/service/mocks/AccountsService.go:111.19,112.55 1 0
e1m0re/loyalty-srv/internal/service/mocks/AccountsService.go:115.2,117.102 3 0
e1m0re/loyalty-srv/internal/service/mocks/AccountsService.go:117.102,119.3 1 0
e1m0re/loyalty-srv/internal/service/mocks/AccountsService.go:120.2,120.93 1 0
e1m0re/loyalty-srv/internal/service/mocks/AccountsService.go:120.93,122.3 1 0
e1m0re/loyalty-srv/internal/service/mocks/AccountsService.go:122.8,123.24 1 0
e1m0re/loyalty-srv/internal/service/mocks/AccountsService.go:123.24,125.4 1 0
e1m0re/loyalty-srv/internal/service/mocks/AccountsService.go:128.2,128.83 1 0
e1m0re/loyalty-srv/internal/service/mocks/AccountsService.go:128.83,130.3 1 0
e1m0re/loyalty-srv/internal/service/mocks/AccountsService.go:130.8,132.3 1 0
e1m0re/loyalty-srv/internal/service/mocks/AccountsService.go:134.2,134.15 1 0
e1m0re/loyalty-srv/internal/service/mocks/AccountsService.go:138.142,141.19 2 0
e1m0re/loyalty-srv/internal/service/mocks/AccountsService.go:141.19,142.50 1 0
e1m0re/loyalty-srv/internal/service/mocks/AccountsService.go:145.2,147.119 3 0
e1m0re/loyalty-srv/internal/service/mocks/AccountsService.go:147.119,149.3 1 0
e1m0re/loyalty-srv/internal/service/mocks/AccountsService.go:150.2,150.110 1 0
e1m0re/loyalty-srv/internal/service/mocks/AccountsService.go:150.110,152.3 1 0
e1m0re/loyalty-srv/internal/service/mocks/AccountsService.go:152.8,153.24 1 0
e1m0re/loyalty-srv/internal/service/mocks/AccountsService.go:153.24,155.4 1 0
e1m0re/loyalty-srv/internal/service/mocks/AccountsService.go:158.2,158.100 1 0
e1m0re/loyalty-srv/internal/service/mocks/AccountsService.go:158.100,160.3 1 0
e1m0re/loyalty-srv/internal/service/mocks/AccountsService.go:160.8,162.3 1 0
e1m0re/loyalty-srv/internal/service/mocks/AccountsService.go:164.2,164.15 1 0
e1m0re/loyalty-srv/internal/service/mocks/AccountsService.go:172.21,176.19 3 0
e1m0re/loyalty-srv/internal/service/mocks/AccountsService.go:176.19,176.49 1 0
e1m0re/loyalty-srv/internal/service/mocks/AccountsService.go:178.2,178.13 1 0
e1m0re/loyalty-srv/internal/service/mocks/OrdersService.go:18.118,21.19 2 0
e1m0re/loyalty-srv/internal/service/mocks/OrdersService.go:21.19,22.65 1 0
e1m0re/loyalty-srv/internal/service/mocks/OrdersService.go:25.2,27.94 3 0
e1m0re/loyalty-srv/internal/service/mocks/OrdersService.go:27.94,29.3 1 0
e1m0re/loyalty-srv/internal/service/mocks/OrdersService.go:30.2,30.85 1 0
e1m0re/loyalty-srv/internal/service/mocks/OrdersService.go:30.85,32.3 1 0
e1m0re/loyalty-srv/internal/service/mocks/OrdersService.go:32.8,33.24 1 0
e1m0re/loyalty-srv/internal/service/mocks/OrdersService.go:33.24,35.4 1 0
e1m0re/loyalty-srv/internal/service/mocks/OrdersService.go:38.2,38.75 1 0
e1m0re/loyalty-srv/internal/service/mocks/OrdersService.go:38.75,40.3 1 0
e1m0re/loyalty-srv/internal/service/mocks/OrdersService.go:40.8,42.3 1 0
e1m0re/loyalty-srv/internal/service/mocks/OrdersService.go:44.2,44.15 1 0
e1m0re/loyalty-srv/internal/service/mocks/OrdersService.go:48.111,51.19 2 0
e1m0re/loyalty-srv/internal/service/mocks/OrdersService.go:51.19,52.50 1 0
e1m0re/loyalty-srv/internal/service/mocks/OrdersService.go:55.2,58.100 4 0
e1m0re/loyalty-srv/internal/service/mocks/OrdersService.go:58.100,60.3 1 0
e1m0re/loyalty-srv/internal/service/mocks/OrdersService.go:61.2,61.85 1 0
e1m0re/loyalty-srv/internal/service/mocks/OrdersService.go:61.85,63.3 1 0
e1m0re/loyalty-srv/internal/service/mocks/OrdersService.go:63.8,64.24 1 0
e1m0re/loyalty-srv/internal/service/mocks/OrdersService.go:64.24,66.4 1 0
e1m0re/loyalty-srv/internal/service/mocks/OrdersService.go:69.2,69.76 1 0
e1m0re/loyalty-srv/internal/service/mocks/OrdersService.go:69.76,71.3 1 0
e1m0re/loyalty-srv/internal/service/mocks/OrdersService.go:71.8,73.3 1 0
e1m0re/loyalty-srv/internal/service/mocks/OrdersService.go:75.2,75.77 1 0
e1m0re/loyalty-srv/internal/service/mocks/OrdersService.go:75.77,77.3 1 0
e1m0re/loyalty-srv/internal/service/mocks/OrdersService.go:77.8,79.3 1 0
e1m0re/loyalty-srv/internal/service/mocks/OrdersService.go:81.2,81.19 1 0
e1m0re/loyalty-srv/internal/service/mocks/OrdersService.go:85.141,88.19 2 0
e1m0re/loyalty-srv/internal/service/mocks/OrdersService.go:88.19,89.53 1 0
e1m0re/loyalty-srv/internal/service/mocks/OrdersService.go:92.2,94.118 3 0
e1m0re/loyalty-srv/internal/service/mocks/OrdersService.go:94.118,96.3 1 0
e1m0re/loyalty-srv/internal/service/mocks/OrdersService.go:97.2,97.109 1 0
e1m0re/loyalty-srv/internal/service/mocks/OrdersService.go:97.109,99.3 1 0
e1m0re/loyalty-srv/internal/service/mocks/OrdersService.go:99.8,101.3 1 0
e1m0re/loyalty-srv/internal/service/mocks/OrdersService.go:103.2,103.102 1 0
e1m0re/loyalty-srv/internal/service/mocks/OrdersService.go:103.102,105.3 1 0
e1m0re/loyalty-srv/internal/service/mocks/OrdersService.go:105.8,107.3 1 0
e1m0re/loyalty-srv/internal/service/mocks/OrdersService.go:109.2,109.15 1 0
e1m0re/loyalty-srv/internal/service/mocks/OrdersService.go:113.102,116.19 2 0
e1m0re/loyalty-srv/internal/service/mocks/OrdersService.go:116.19,117.56 1 0
e1m0re/loyalty-srv/internal/service/mocks/OrdersService.go:120.2,122.85 3 0
e1m0re/loyalty-srv/internal/service/mocks/OrdersService.go:122.85,124.3 1 0
e1m0re/loyalty-srv/internal/service/mocks/OrdersService.go:125.2,125.76 1 0
e1m0re/loyalty-srv/internal/service/mocks/OrdersService.go:125.76,127.3 1 0
e1m0re/loyalty-srv/internal/service/mocks/OrdersService.go:127.8,129.3 1 0
e1m0re/loyalty-srv/internal/service/mocks/OrdersService.go:131.2,131.77 1 0
e1m0re/loyalty-srv/internal/service/mocks/OrdersService.go:131.77,133.3 1 0
e1m0re/loyalty-srv/internal/service/mocks/OrdersService.go:133.8,135.3 1 0
e1m0re/loyalty-srv/internal/service/mocks/OrdersService.go:137.2,137.15 1 0
e1m0re/loyalty-srv/internal/service/mocks/OrdersService.go:145.19,149.19 3 0
e1m0re/loyalty-srv/internal/service/mocks/OrdersService.go:149.19,149.49 1 0
e1m0re/loyalty-srv/internal/service/mocks/OrdersService.go:151.2,151.13 1 0
e1m0re/loyalty-srv/internal/service/mocks/SecurityService.go:13.85,16.19 2 0
e1m0re/loyalty-srv/internal/service/mocks/SecurityService.go:16.19,17.55 1 0
e1m0re/loyalty-srv/internal/service/mocks/SecurityService.go:20.2,21.58 2 0
e1m0re/loyalty-srv/internal/service/mocks/SecurityService.go:21.58,23.3 1 0
e1m0re/loyalty-srv/internal/service/mocks/SecurityService.go:23.8,25.3 1 0
e1m0re/loyalty-srv/internal/service/mocks/SecurityService.go:27.2,27.11 1 0
e1m0re/loyalty-srv/internal/service/mocks/SecurityService.go:31.77,34.19 2 0
e1m0re/loyalty-srv/internal/service/mocks/SecurityService.go:34.19,35.57 1 0
e1m0re/loyalty-srv/internal/service/mocks/SecurityService.go:38.2,40.61 3 0
e1m0re/loyalty-srv/internal/service/mocks/SecurityService.go:40.61,42.3 1 0
e1m0re/loyalty-srv/internal/service/mocks/SecurityService.go:43.2,43.52 1 0
e1m0re/loyalty-srv/internal/service/mocks/SecurityService.go:43.52,45.3 1 0
e1m0re/loyalty-srv/internal/service/mocks/SecurityService.go:45.8,47.3 1 0
e1m0re/loyalty-srv/internal/service/mocks/SecurityService.go:49.2,49.51 1 0
e1m0re/loyalty-srv/internal/service/mocks/SecurityService.go:49.51,51.3 1 0
e1m0re/loyalty-srv/internal/service/mocks/SecurityService.go:51.8,53.3 1 0
e1m0re/loyalty-srv/internal/service/mocks/SecurityService.go:55.2,55.15 1 0
e1m0re/loyalty-srv/internal/service/mocks/SecurityService.go:63.21,67.19 3 0
e1m0re/loyalty-srv/internal/service/mocks/SecurityService.go:67.19,67.49 1 0
e1m0re/loyalty-srv/internal/service/mocks/SecurityService.go:69.2,69.13 1 0
e1m0re/loyalty-srv/internal/service/mocks/UsersService.go:18.106,21.19 2 0
e1m0re/loyalty-srv/internal/service/mocks/UsersService.go:21.19,22.52 1 0
e1m0re/loyalty-srv/internal/service/mocks/UsersService.go:25.2,27.94 3 0
e1m0re/loyalty-srv/internal/service/mocks/UsersService.go:27.94,29.3 1 0
e1m0re/loyalty-srv/internal/service/mocks/UsersService.go:30.2,30.85 1 0
e1m0re/loyalty-srv/internal/service/mocks/UsersService.go:30.85,32.3 1 0
e1m0re/loyalty-srv/internal/service/mocks/UsersService.go:32.8,33.24 1 0
e1m0re/loyalty-srv/internal/service/mocks/UsersService.go:33.24,35.4 1 0
e1m0re/loyalty-srv/internal/service/mocks/UsersService.go:38.2,38.78 1 0
e1m0re/loyalty-srv/internal/service/mocks/UsersService.go:38.78,40.3 1 0
e1m0re/loyalty-srv/internal/service/mocks/UsersService.go:40.8,42.3 1 0
e1m0re/loyalty-srv/internal/service/mocks/UsersService.go:44.2,44.15 1 0
e1m0re/loyalty-srv/internal/service/mocks/UsersService.go:48.104,51.19 2 0
e1m0re/loyalty-srv/internal/service/mocks/UsersService.go:51.19,52.60 1 0
e1m0re/loyalty-srv/internal/service/mocks/UsersService.go:55.2,57.84 3 0
e1m0re/loyalty-srv/internal/service/mocks/UsersService.go:57.84,59.3 1 0
e1m0re/loyalty-srv/internal/service/mocks/UsersService.go:60.2,60.75 1 0
e1m0re/loyalty-srv/internal/service/mocks/UsersService.go:60.75,62.3 1 0
e1m0re/loyalty-srv/internal/service/mocks/UsersService.go:62.8,63.24 1 0
e1m0re/loyalty-srv/internal/service/mocks/UsersService.go:63.24,65.4 1 0
e1m0re/loyalty-srv/internal/service/mocks/UsersService.go:68.2,68.68 1 0
e1m0re/loyalty-srv/internal/service/mocks/UsersService.go:68.68,70.3 1 0
e1m0re/loyalty-srv/internal/service/mocks/UsersService.go:70.8,72.3 1 0
e1m0re/loyalty-srv/internal/service/mocks/UsersService.go:74.2,74.15 1 0
e1m0re/loyalty-srv/internal/service/mocks/UsersService.go:78.94,81.19 2 0
e1m0re/loyalty-srv/internal/service/mocks/UsersService.go:81.19,82.48 1 0
e1m0re/loyalty-srv/internal/service/mocks/UsersService.go:85.2,87.86 3 0
e1m0re/loyalty-srv/internal/service/mocks/UsersService.go:87.86,89.3 1 0
e1m0re/loyalty-srv/internal/service/mocks/UsersService.go:90.2,90.77 1 0
e1m0re/loyalty-srv/internal/service/mocks/UsersService.go:90.77,92.3 1 0
e1m0re/loyalty-srv/internal/service/mocks/UsersService.go:92.8,94.3 1 0
e1m0re/loyalty-srv/internal/service/mocks/UsersService.go:96.2,96.78 1 0
e1m0re/loyalty-srv/internal/service/mocks/UsersService.go:96.78,98.3 1 0
e1m0re/loyalty-srv/internal/service/mocks/UsersService.go:98.8,100.3 1 0
e1m0re/loyalty-srv/internal/service/mocks/UsersService.go:102.2,102.15 1 0
e1m0re/loyalty-srv/internal/service/mocks/UsersService.go:106.94,109.19 2 0
e1m0re/loyalty-srv/internal/service/mocks/UsersService.go:109.19,110.48 1 0
e1m0re/loyalty-srv/internal/service/mocks/UsersService.go:113.2,115.86 3 0
e1m0re/loyalty-srv/internal/service/mocks/UsersService.go:115.86,117.3 1 0
e1m0re/loyalty-srv/internal/service/mocks/UsersService.go:118.2,118.77 1 0
e1m0re/loyalty-srv/internal/service/mocks/UsersService.go:118.77,120.3 1 0
e1m0re/loyalty-srv/internal/service/mocks/UsersService.go:120.8,122.3 1 0
e1m0re/loyalty-srv/internal/service/mocks/UsersService.go:124.2,124.78 1 0
e1m0re/loyalty-srv/internal/service/mocks/UsersService.go:124.78,126.3 1 0
e1m0re/loyalty-srv/internal/service/mocks/UsersService.go:126.8,128.3 1 0
e1m0re/loyalty-srv/internal/service/mocks/UsersService.go:130.2,130.15 1 0
e1m0re/loyalty-srv/internal/service/mocks/UsersService.go:138.18,142.19 3 0
e1m0re/loyalty-srv/internal/service/mocks/UsersService.go:142.19,142.49 1 0
e1m0re/loyalty-srv/internal/service/mocks/UsersService.go:144.2,144.13 1 0
e1m0re/loyalty-srv/internal/api/handler/addOrder.go:12.68,13.33 1 6
e1m0re/loyalty-srv/internal/api/handler/addOrder.go:13.33,16.3 2 0
e1m0re/loyalty-srv/internal/api/handler/addOrder.go:18.2,19.34 2 6
e1m0re/loyalty-srv/internal/api/handler/addOrder.go:19.34,22.3 2 1
e1m0re/loyalty-srv/internal/api/handler/addOrder.go:24.2,26.16 3 5
e1m0re/loyalty-srv/internal/api/handler/addOrder.go:26.16,27.15 1 3
e1m0re/loyalty-srv/internal/api/handler/addOrder.go:28.58,29.49 1 1
e1m0re/loyalty-srv/internal/api/handler/addOrder.go:30.55,31.38 1 1
e1m0re/loyalty-srv/internal/api/handler/addOrder.go:32.11,33.49 1 1
e1m0re/loyalty-srv/internal/api/handler/addOrder.go:35.3,36.9 2 3
e1m0re/loyalty-srv/internal/api/handler/addOrder.go:39.2,39.16 1 2
e1m0re/loyalty-srv/internal/api/handler/addOrder.go:39.16,42.3 2 1
e1m0re/loyalty-srv/internal/api/handler/addOrder.go:44.2,44.30 1 1
e1m0re/loyalty-srv/internal/api/handler/getBalance.go:10.70,11.32 1 2
e1m0re/loyalty-srv/internal/api/handler/getBalance.go:11.32,14.3 2 0
e1m0re/loyalty-srv/internal/api/handler/getBalance.go:16.2,18.16 3 2
e1m0re/loyalty-srv/internal/api/handler/getBalance.go:18.16,21.3 2 1
e1m0re/loyalty-srv/internal/api/handler/getBalance.go:23.2,24.16 2 1
e1m0re/loyalty-srv/internal/api/handler/getBalance.go:24.16,27.3 2 0
e1m0re/loyalty-srv/internal/api/handler/getBalance.go:29.2,31.23 3 1
e1m0re/loyalty-srv/internal/api/handler/getOrders.go:10.69,11.32 1 3
e1m0re/loyalty-srv/internal/api/handler/getOrders.go:11.32,14.3 2 0
e1m0re/loyalty-srv/internal/api/handler/getOrders.go:16.2,18.16 3 3
e1m0re/loyalty-srv/internal/api/handler/getOrders.go:18.16,21.3 2 1
e1m0re/loyalty-srv/internal/api/handler/getOrders.go:23.2,23.27 1 2
e1m0re/loyalty-srv/internal/api/handler/getOrders.go:23.27,26.3 2 1
e1m0re/loyalty-srv/internal/api/handler/getOrders.go:28.2,29.16 2 1
e1m0re/loyalty-srv/internal/api/handler/getOrders.go:29.16,32.3 2 0
e1m0re/loyalty-srv/internal/api/handler/getOrders.go:34.2,36.23 3 1
e1m0re/loyalty-srv/internal/api/handler/getWithdrawals.go:10.74,11.32 1 2
e1m0re/loyalty-srv/internal/api/handler/getWithdrawals.go:11.32,14.3 2 0
e1m0re/loyalty-srv/internal/api/handler/getWithdrawals.go:16.2,18.16 3 2
e1m0re/loyalty-srv/internal/api/handler/getWithdrawals.go:18.16,21.3 2 1
e1m0re/loyalty-srv/internal/api/handler/getWithdrawals.go:23.2,24.16 2 1
e1m0re/loyalty-srv/internal/api/handler/getWithdrawals.go:24.16,27.3 2 0
e1m0re/loyalty-srv/internal/api/handler/getWithdrawals.go:29.2,31.23 3 1
e1m0re/loyalty-srv/internal/api/handler/handler.go:14.54,18.2 1 35
e1m0re/loyalty-srv/internal/api/handler/handler.go:20.40,28.29 4 35
e1m0re/loyalty-srv/internal/api/handler/handler.go:28.29,29.43 1 35
e1m0re/loyalty-srv/internal/api/handler/handler.go:29.43,32.4 2 35
e1m0re/loyalty-srv/internal/api/handler/handler.go:36.2,36.29 1 35
e1m0re/loyalty-srv/internal/api/handler/handler.go:36.29,38.50 1 35
e1m0re/loyalty-srv/internal/api/handler/handler.go:38.50,41.4 2 35
e1m0re/loyalty-srv/internal/api/handler/handler.go:42.3,42.51 1 35
e1m0re/loyalty-srv/internal/api/handler/handler.go:42.51,45.4 2 35
e1m0re/loyalty-srv/internal/api/handler/handler.go:46.3,46.51 1 35
e1m0re/loyalty-srv/internal/api/handler/handler.go:49.2,49.10 1 35
e1m0re/loyalty-srv/internal/api/handler/signin.go:10.66,13.16 3 5
e1m0re/loyalty-srv/internal/api/handler/signin.go:13.16,16.3 2 1
e1m0re/loyalty-srv/internal/api/handler/signin.go:18.2,18.56 1 4
e1m0re/loyalty-srv/internal/api/handler/signin.go:18.56,21.3 2 1
e1m0re/loyalty-srv/internal/api/handler/signin.go:23.2,24.16 2 3
e1m0re/loyalty-srv/internal/api/handler/signin.go:24.16,28.3 3 1
e1m0re/loyalty-srv/internal/api/handler/signin.go:30.2,30.9 1 2
e1m0re/loyalty-srv/internal/api/handler/signin.go:30.9,33.3 2 1
e1m0re/loyalty-srv/internal/api/handler/signin.go:35.2,35.30 1 1
e1m0re/loyalty-srv/internal/api/handler/signup.go:12.66,13.33 1 6
e1m0re/loyalty-srv/internal/api/handler/signup.go:13.33,16.3 2 0
e1m0re/loyalty-srv/internal/api/handler/signup.go:18.2,20.16 3 6
e1m0re/loyalty-srv/internal/api/handler/signup.go:20.16,24.3 3 1
e1m0re/loyalty-srv/internal/api/handler/signup.go:26.2,26.56 1 5
e1m0re/loyalty-srv/internal/api/handler/signup.go:26.56,29.3 2 1
e1m0re/loyalty-srv/internal/api/handler/signup.go:31.2,32.16 2 4
e1m0re/loyalty-srv/internal/api/handler/signup.go:32.16,33.47 1 2
e1m0re/loyalty-srv/internal/api/handler/signup.go:33.47,36.4 2 1
e1m0re/loyalty-srv/internal/api/handler/signup.go:38.3,39.9 2 1
e1m0re/loyalty-srv/internal/api/handler/signup.go:42.2,43.16 2 2
e1m0re/loyalty-srv/internal/api/handler/signup.go:43.16,46.3 2 1
e1m0re/loyalty-srv/internal/api/handler/signup.go:48.2,48.30 1 1
e1m0re/loyalty-srv/internal/api/handler/writingOff.go:15.70,16.33 1 6
e1m0re/loyalty-srv/internal/api/handler/writingOff.go:16.33,19.3 2 0
e1m0re/loyalty-srv/internal/api/handler/writingOff.go:21.2,23.16 3 6
e1m0re/loyalty-srv/internal/api/handler/writingOff.go:23.16,26.3 2 1
e1m0re/loyalty-srv/internal/api/handler/writingOff.go:28.2,29.16 2 5
e1m0re/loyalty-srv/internal/api/handler/writingOff.go:29.16,32.3 2 1
e1m0re/loyalty-srv/internal/api/handler/writingOff.go:34.2,34.9 1 4
e1m0re/loyalty-srv/internal/api/handler/writingOff.go:34.9,37.3 2 1
e1m0re/loyalty-srv/internal/api/handler/writingOff.go:39.2,41.16 3 3
e1m0re/loyalty-srv/internal/api/handler/writingOff.go:41.16,45.3 3 1
e1m0re/loyalty-srv/internal/api/handler/writingOff.go:47.2,48.16 2 2
e1m0re/loyalty-srv/internal/api/handler/writingOff.go:48.16,52.3 3 1
e1m0re/loyalty-srv/internal/api/handler/writingOff.go:54.2,54.30 1 1
e1m0re/loyalty-srv/internal/apperrors/errors.go:8.50,10.2 1 0
e1m0re/loyalty-srv/internal/apperrors/errors.go:12.38,14.2 1 0
e1m0re/loyalty-srv/internal/models/order.go:30.47,39.2 2 4
e1m0re/loyalty-srv/internal/repository/order_repository.go:16.54,20.2 1 0
e1m0re/loyalty-srv/internal/repository/order_repository.go:22.110,32.16 4 0
e1m0re/loyalty-srv/internal/repository/order_repository.go:32.16,34.3 1 0
e1m0re/loyalty-srv/internal/repository/order_repository.go:36.2,36.19 1 0
e1m0re/loyalty-srv/internal/repository/order_repository.go:39.124,44.2 3 0
e1m0re/loyalty-srv/internal/repository/repository.go:30.49,35.2 1 0
e1m0re/loyalty-srv/internal/repository/user_repository.go:20.52,24.2 1 0
e1m0re/loyalty-srv/internal/repository/user_repository.go:26.118,34.16 4 0
e1m0re/loyalty-srv/internal/repository/user_repository.go:34.16,35.44 1 0
e1m0re/loyalty-srv/internal/repository/user_repository.go:35.44,37.4 1 0
e1m0re/loyalty-srv/internal/repository/user_repository.go:38.3,38.18 1 0
e1m0re/loyalty-srv/internal/repository/user_repository.go:41.2,41.18 1 0
e1m0re/loyalty-srv/internal/repository/user_repository.go:44.116,48.9 4 0
e1m0re/loyalty-srv/internal/repository/user_repository.go:49.37,50.44 1 0
e1m0re/loyalty-srv/internal/repository/user_repository.go:51.18,52.18 1 0
e1m0re/loyalty-srv/internal/repository/user_repository.go:53.10,54.9 1 0
e1m0re/loyalty-srv/internal/repository/user_repository.go:58.108,63.2 3 0
e1m0re/loyalty-srv/internal/service/mocks/AccountsService.go:18.111,21.19 2 3
e1m0re/loyalty-srv/internal/service/mocks/AccountsService.go:21.19,22.60 1 0
e1m0re/loyalty-srv/internal/service/mocks/AccountsService.go:25.2,27.94 3 3
e1m0re/loyalty-srv/internal/service/mocks/AccountsService.go:27.94,29.3 1 0
e1m0re/loyalty-srv/internal/service/mocks/AccountsService.go:30.2,30.85 1 3
e1m0re/loyalty-srv/internal/service/mocks/AccountsService.go:30.85,32.3 1 0
e1m0re/loyalty-srv/internal/service/mocks/AccountsService.go:32.8,33.24 1 3
e1m0re/loyalty-srv/internal/service/mocks/AccountsService.go:33.24,35.4 1 2
e1m0re/loyalty-srv/internal/service/mocks/AccountsService.go:38.2,38.75 1 3
e1m0re/loyalty-srv/internal/service/mocks/AccountsService.go:38.75,40.3 1 0
e1m0re/loyalty-srv/internal/service/mocks/AccountsService.go:40.8,42.3 1 3
e1m0re/loyalty-srv/internal/service/mocks/AccountsService.go:44.2,44.15 1 3
e1m0re/loyalty-srv/internal/service/mocks/AccountsService.go:48.119,51.19 2 2
e1m0re/loyalty-srv/internal/service/mocks/AccountsService.go:51.19,52.64 1 0
e1m0re/loyalty-srv/internal/service/mocks/AccountsService.go:55.2,57.98 3 2
e1m0re/loyalty-srv/internal/service/mocks/AccountsService.go:57.98,59.3 1 0
e1m0re/loyalty-srv/internal/service/mocks/AccountsService.go:60.2,60.89 1 2
e1m0re/loyalty-srv/internal/service/mocks/AccountsService.go:60.89,62.3 1 0
e1m0re/loyalty-srv/internal/service/mocks/AccountsService.go:62.8,63.24 1 2
e1m0re/loyalty-srv/internal/service/mocks/AccountsService.go:63.24,65.4 1 1
e1m0re/loyalty-srv/internal/service/mocks/AccountsService.go:68.2,68.75 1 2
e1m0re/loyalty-srv/internal/service/mocks/AccountsService.go:68.75,70.3 1 0
e1m0re/loyalty-srv/internal/service/mocks/AccountsService.go:70.8,72.3 1 2
e1m0re/loyalty-srv/internal/service/mocks/AccountsService.go:74.2,74.15 1 2
e1m0re/loyalty-srv/internal/service/mocks/AccountsService.go:78.112,81.19 2 2
e1m0re/loyalty-srv/internal/service/mocks/AccountsService.go:81.19,82.56 1 0
e1m0re/loyalty-srv/internal/service/mocks/AccountsService.go:85.2,87.99 3 2
e1m0re/loyalty-srv/internal/service/mocks/AccountsService.go:87.99,89.3 1 0
e1m0re/loyalty-srv/internal/service/mocks/AccountsService.go:90.2,90.90 1 2
e1m0re/loyalty-srv/internal/service/mocks/AccountsService.go:90.90,92.3 1 0
e1m0re/loyalty-srv/internal/service/mocks/AccountsService.go:92.8,93.24 1 2
e1m0re/loyalty-srv/internal/service/mocks/AccountsService.go:93.24,95.4 1 1
e1m0re/loyalty-srv/internal/service/mocks/AccountsService.go:98.2,98.75 1 2
e1m0re/loyalty-srv/internal/service/mocks/AccountsService.go:98.75,100.3 1 0
e1m0re/loyalty-srv/internal/service/mocks/AccountsService.go:100.8,102.3 1 2
e1m0re/loyalty-srv/internal/service/mocks/AccountsService.go:104.2,104.15 1 2
e1m0re/loyalty-srv/internal/service/mocks/AccountsService.go:108.121,111.19 2 0
e1m0re/loyalty-srv/internal/service/mocks/AccountsService.go:111.19,112.55 1 0
e1m0re/loyalty-srv/internal/service/mocks/AccountsService.go:115.2,117.102 3 0
e1m0re/loyalty-srv/internal/service/mocks/AccountsService.go:117.102,119.3 1 0
e1m0re/loyalty-srv/internal/service/mocks/AccountsService.go:120.2,120.93 1 0
e1m0re/loyalty-srv/internal/service/mocks/AccountsService.go:120.93,122.3 1 0
e1m0re/loyalty-srv/internal/service/mocks/AccountsService.go:122.8,123.24 1 0
e1m0re/loyalty-srv/internal/service/mocks/AccountsService.go:123.24,125.4 1 0
e1m0re/loyalty-srv/internal/service/mocks/AccountsService.go:128.2,128.83 1 0
e1m0re/loyalty-srv/internal/service/mocks/AccountsService.go:128.83,130.3 1 0
e1m0re/loyalty-srv/internal/service/mocks/AccountsService.go:130.8,132.3 1 0
e1m0re/loyalty-srv/internal/service/mocks/AccountsService.go:134.2,134.15 1 0
e1m0re/loyalty-srv/internal/service/mocks/AccountsService.go:138.142,141.19 2 2
e1m0re/loyalty-srv/internal/service/mocks/AccountsService.go:141.19,142.50 1 0
e1m0re/loyalty-srv/internal/service/mocks/AccountsService.go:145.2,147.119 3 2
e1m0re/loyalty-srv/internal/service/mocks/AccountsService.go:147.119,149.3 1 0
e1m0re/loyalty-srv/internal/service/mocks/AccountsService.go:150.2,150.110 1 2
e1m0re/loyalty-srv/internal/service/mocks/AccountsService.go:150.110,152.3 1 0
e1m0re/loyalty-srv/internal/service/mocks/AccountsService.go:152.8,153.24 1 2
e1m0re/loyalty-srv/internal/service/mocks/AccountsService.go:153.24,155.4 1 0
e1m0re/loyalty-srv/internal/service/mocks/AccountsService.go:158.2,158.100 1 2
e1m0re/loyalty-srv/internal/service/mocks/AccountsService.go:158.100,160.3 1 0
e1m0re/loyalty-srv/internal/service/mocks/AccountsService.go:160.8,162.3 1 2
e1m0re/loyalty-srv/internal/service/mocks/AccountsService.go:164.2,164.15 1 2
e1m0re/loyalty-srv/internal/service/mocks/AccountsService.go:172.21,176.19 3 7
e1m0re/loyalty-srv/internal/service/mocks/AccountsService.go:176.19,176.49 1 7
e1m0re/loyalty-srv/internal/service/mocks/AccountsService.go:178.2,178.13 1 7
e1m0re/loyalty-srv/internal/service/mocks/OrdersService.go:18.118,21.19 2 3
e1m0re/loyalty-srv/internal/service/mocks/OrdersService.go:21.19,22.65 1 0
e1m0re/loyalty-srv/internal/service/mocks/OrdersService.go:25.2,27.94 3 3
e1m0re/loyalty-srv/internal/service/mocks/OrdersService.go:27.94,29.3 1 0
e1m0re/loyalty-srv/internal/service/mocks/OrdersService.go:30.2,30.85 1 3
e1m0re/loyalty-srv/internal/service/mocks/OrdersService.go:30.85,32.3 1 0
e1m0re/loyalty-srv/internal/service/mocks/OrdersService.go:32.8,33.24 1 3
e1m0re/loyalty-srv/internal/service/mocks/OrdersService.go:33.24,35.4 1 3
e1m0re/loyalty-srv/internal/service/mocks/OrdersService.go:38.2,38.75 1 3
e1m0re/loyalty-srv/internal/service/mocks/OrdersService.go:38.75,40.3 1 0
e1m0re/loyalty-srv/internal/service/mocks/OrdersService.go:40.8,42.3 1 3
e1m0re/loyalty-srv/internal/service/mocks/OrdersService.go:44.2,44.15 1 3
e1m0re/loyalty-srv/internal/service/mocks/OrdersService.go:48.111,51.19 2 5
e1m0re/loyalty-srv/internal/service/mocks/OrdersService.go:51.19,52.50 1 0
e1m0re/loyalty-srv/internal/service/mocks/OrdersService.go:55.2,58.100 4 5
e1m0re/loyalty-srv/internal/service/mocks/OrdersService.go:58.100,60.3 1 0
e1m0re/loyalty-srv/internal/service/mocks/OrdersService.go:61.2,61.85 1 5
e1m0re/loyalty-srv/internal/service/mocks/OrdersService.go:61.85,63.3 1 0
e1m0re/loyalty-srv/internal/service/mocks/OrdersService.go:63.8,64.24 1 5
e1m0re/loyalty-srv/internal/service/mocks/OrdersService.go:64.24,66.4 1 0
e1m0re/loyalty-srv/internal/service/mocks/OrdersService.go:69.2,69.76 1 5
e1m0re/loyalty-srv/internal/service/mocks/OrdersService.go:69.76,71.3 1 0
e1m0re/loyalty-srv/internal/service/mocks/OrdersService.go:71.8,73.3 1 5
e1m0re/loyalty-srv/internal/service/mocks/OrdersService.go:75.2,75.77 1 5
e1m0re/loyalty-srv/internal/service/mocks/OrdersService.go:75.77,77.3 1 0
e1m0re/loyalty-srv/internal/service/mocks/OrdersService.go:77.8,79.3 1 5
e1m0re/loyalty-srv/internal/service/mocks/OrdersService.go:81.2,81.19 1 5
e1m0re/loyalty-srv/internal/service/mocks/OrdersService.go:85.141,88.19 2 0
e1m0re/loyalty-srv/internal/service/mocks/OrdersService.go:88.19,89.53 1 0
e1m0re/loyalty-srv/internal/service/mocks/OrdersService.go:92.2,94.118 3 0
e1m0re/loyalty-srv/internal/service/mocks/OrdersService.go:94.118,96.3 1 0
e1m0re/loyalty-srv/internal/service/mocks/OrdersService.go:97.2,97.109 1 0
e1m0re/loyalty-srv/internal/service/mocks/OrdersService.go:97.109,99.3 1 0
e1m0re/loyalty-srv/internal/service/mocks/OrdersService.go:99.8,101.3 1 0
e1m0re/loyalty-srv/internal/service/mocks/OrdersService.go:103.2,103.102 1 0
e1m0re/loyalty-srv/internal/service/mocks/OrdersService.go:103.102,105.3 1 0
e1m0re/loyalty-srv/internal/service/mocks/OrdersService.go:105.8,107.3 1 0
e1m0re/loyalty-srv/internal/service/mocks/OrdersService.go:109.2,109.15 1 0
e1m0re/loyalty-srv/internal/service/mocks/OrdersService.go:113.102,116.19 2 5
e1m0re/loyalty-srv/internal/service/mocks/OrdersService.go:116.19,117.56 1 0
e1m0re/loyalty-srv/internal/service/mocks/OrdersService.go:120.2,122.85 3 5
e1m0re/loyalty-srv/internal/service/mocks/OrdersService.go:122.85,124.3 1 0
e1m0re/loyalty-srv/internal/service/mocks/OrdersService.go:125.2,125.76 1 5
e1m0re/loyalty-srv/internal/service/mocks/OrdersService.go:125.76,127.3 1 0
e1m0re/loyalty-srv/internal/service/mocks/OrdersService.go:127.8,129.3 1 5
e1m0re/loyalty-srv/internal/service/mocks/OrdersService.go:131.2,131.77 1 5
e1m0re/loyalty-srv/internal/service/mocks/OrdersService.go:131.77,133.3 1 0
e1m0re/loyalty-srv/internal/service/mocks/OrdersService.go:133.8,135.3 1 5
e1m0re/loyalty-srv/internal/service/mocks/OrdersService.go:137.2,137.15 1 5
e1m0re/loyalty-srv/internal/service/mocks/OrdersService.go:145.19,149.19 3 14
e1m0re/loyalty-srv/internal/service/mocks/OrdersService.go:149.19,149.49 1 14
e1m0re/loyalty-srv/internal/service/mocks/OrdersService.go:151.2,151.13 1 14
e1m0re/loyalty-srv/internal/service/mocks/SecurityService.go:13.85,16.19 2 0
e1m0re/loyalty-srv/internal/service/mocks/SecurityService.go:16.19,17.55 1 0
e1m0re/loyalty-srv/internal/service/mocks/SecurityService.go:20.2,21.58 2 0
e1m0re/loyalty-srv/internal/service/mocks/SecurityService.go:21.58,23.3 1 0
e1m0re/loyalty-srv/internal/service/mocks/SecurityService.go:23.8,25.3 1 0
e1m0re/loyalty-srv/internal/service/mocks/SecurityService.go:27.2,27.11 1 0
e1m0re/loyalty-srv/internal/service/mocks/SecurityService.go:31.77,34.19 2 0
e1m0re/loyalty-srv/internal/service/mocks/SecurityService.go:34.19,35.57 1 0
e1m0re/loyalty-srv/internal/service/mocks/SecurityService.go:38.2,40.61 3 0
e1m0re/loyalty-srv/internal/service/mocks/SecurityService.go:40.61,42.3 1 0
e1m0re/loyalty-srv/internal/service/mocks/SecurityService.go:43.2,43.52 1 0
e1m0re/loyalty-srv/internal/service/mocks/SecurityService.go:43.52,45.3 1 0
e1m0re/loyalty-srv/internal/service/mocks/SecurityService.go:45.8,47.3 1 0
e1m0re/loyalty-srv/internal/service/mocks/SecurityService.go:49.2,49.51 1 0
e1m0re/loyalty-srv/internal/service/mocks/SecurityService.go:49.51,51.3 1 0
e1m0re/loyalty-srv/internal/service/mocks/SecurityService.go:51.8,53.3 1 0
e1m0re/loyalty-srv/internal/service/mocks/SecurityService.go:55.2,55.15 1 0
e1m0re/loyalty-srv/internal/service/mocks/SecurityService.go:63.21,67.19 3 0
e1m0re/loyalty-srv/internal/service/mocks/SecurityService.go:67.19,67.49 1 0
e1m0re/loyalty-srv/internal/service/mocks/SecurityService.go:69.2,69.13 1 0
e1m0re/loyalty-srv/internal/service/mocks/UsersService.go:18.106,21.19 2 4
e1m0re/loyalty-srv/internal/service/mocks/UsersService.go:21.19,22.52 1 0
e1m0re/loyalty-srv/internal/service/mocks/UsersService.go:25.2,27.94 3 4
e1m0re/loyalty-srv/internal/service/mocks/UsersService.go:27.94,29.3 1 0
e1m0re/loyalty-srv/internal/service/mocks/UsersService.go:30.2,30.85 1 4
e1m0re/loyalty-srv/internal/service/mocks/UsersService.go:30.85,32.3 1 0
e1m0re/loyalty-srv/internal/service/mocks/UsersService.go:32.8,33.24 1 4
e1m0re/loyalty-srv/internal/service/mocks/UsersService.go:33.24,35.4 1 2
e1m0re/loyalty-srv/internal/service/mocks/UsersService.go:38.2,38.78 1 4
e1m0re/loyalty-srv/internal/service/mocks/UsersService.go:38.78,40.3 1 0
e1m0re/loyalty-srv/internal/service/mocks/UsersService.go:40.8,42.3 1 4
e1m0re/loyalty-srv/internal/service/mocks/UsersService.go:44.2,44.15 1 4
e1m0re/loyalty-srv/internal/service/mocks/UsersService.go:48.104,51.19 2 0
e1m0re/loyalty-srv/internal/service/mocks/UsersService.go:51.19,52.60 1 0
e1m0re/loyalty-srv/internal/service/mocks/UsersService.go:55.2,57.84 3 0
e1m0re/loyalty-srv/internal/service/mocks/UsersService.go:57.84,59.3 1 0
e1m0re/loyalty-srv/internal/service/mocks/UsersService.go:60.2,60.75 1 0
e1m0re/loyalty-srv/internal/service/mocks/UsersService.go:60.75,62.3 1 0
e1m0re/loyalty-srv/internal/service/mocks/UsersService.go:62.8,63.24 1 0
e1m0re/loyalty-srv/internal/service/mocks/UsersService.go:63.24,65.4 1 0
e1m0re/loyalty-srv/internal/service/mocks/UsersService.go:68.2,68.68 1 0
e1m0re/loyalty-srv/internal/service/mocks/UsersService.go:68.68,70.3 1 0
e1m0re/loyalty-srv/internal/service/mocks/UsersService.go:70.8,72.3 1 0
e1m0re/loyalty-srv/internal/service/mocks/UsersService.go:74.2,74.15 1 0
e1m0re/loyalty-srv/internal/service/mocks/UsersService.go:78.94,81.19 2 5
e1m0re/loyalty-srv/internal/service/mocks/UsersService.go:81.19,82.48 1 0
e1m0re/loyalty-srv/internal/service/mocks/UsersService.go:85.2,87.86 3 5
e1m0re/loyalty-srv/internal/service/mocks/UsersService.go:87.86,89.3 1 0
e1m0re/loyalty-srv/internal/service/mocks/UsersService.go:90.2,90.77 1 5
e1m0re/loyalty-srv/internal/service/mocks/UsersService.go:90.77,92.3 1 0
e1m0re/loyalty-srv/internal/service/mocks/UsersService.go:92.8,94.3 1 5
e1m0re/loyalty-srv/internal/service/mocks/UsersService.go:96.2,96.78 1 5
e1m0re/loyalty-srv/internal/service/mocks/UsersService.go:96.78,98.3 1 0
e1m0re/loyalty-srv/internal/service/mocks/UsersService.go:98.8,100.3 1 5
e1m0re/loyalty-srv/internal/service/mocks/UsersService.go:102.2,102.15 1 5
e1m0re/loyalty-srv/internal/service/mocks/UsersService.go:106.94,109.19 2 0
e1m0re/loyalty-srv/internal/service/mocks/UsersService.go:109.19,110.48 1 0
e1m0re/loyalty-srv/internal/service/mocks/UsersService.go:113.2,115.86 3 0
e1m0re/loyalty-srv/internal/service/mocks/UsersService.go:115.86,117.3 1 0
e1m0re/loyalty-srv/internal/service/mocks/UsersService.go:118.2,118.77 1 0
e1m0re/loyalty-srv/internal/service/mocks/UsersService.go:118.77,120.3 1 0
e1m0re/loyalty-srv/internal/service/mocks/UsersService.go:120.8,122.3 1 0
e1m0re/loyalty-srv/internal/service/mocks/UsersService.go:124.2,124.78 1 0
e1m0re/loyalty-srv/internal/service/mocks/UsersService.go:124.78,126.3 1 0
e1m0re/loyalty-srv/internal/service/mocks/UsersService.go:126.8,128.3 1 0
e1m0re/loyalty-srv/internal/service/mocks/UsersService.go:130.2,130.15 1 0
e1m0re/loyalty-srv/internal/service/mocks/UsersService.go:138.18,142.19 3 9
e1m0re/loyalty-srv/internal/service/mocks/UsersService.go:142.19,142.49 1 9
e1m0re/loyalty-srv/internal/service/mocks/UsersService.go:144.2,144.13 1 9
e1m0re/loyalty-srv/internal/apperrors/errors.go:8.50,10.2 1 0
e1m0re/loyalty-srv/internal/apperrors/errors.go:12.38,14.2 1 0
e1m0re/loyalty-srv/internal/models/order.go:30.47,39.2 2 0
e1m0re/loyalty-srv/internal/repository/order_repository.go:16.54,20.2 1 0
e1m0re/loyalty-srv/internal/repository/order_repository.go:22.110,32.16 4 0
e1m0re/loyalty-srv/internal/repository/order_repository.go:32.16,34.3 1 0
e1m0re/loyalty-srv/internal/repository/order_repository.go:36.2,36.19 1 0
e1m0re/loyalty-srv/internal/repository/order_repository.go:39.124,44.2 3 0
e1m0re/loyalty-srv/internal/repository/repository.go:30.49,35.2 1 0
e1m0re/loyalty-srv/internal/repository/user_repository.go:20.52,24.2 1 0
e1m0re/loyalty-srv/internal/repository/user_repository.go:26.118,34.16 4 0
e1m0re/loyalty-srv/internal/repository/user_repository.go:34.16,35.44 1 0
e1m0re/loyalty-srv/internal/repository/user_repository.go:35.44,37.4 1 0
e1m0re/loyalty-srv/internal/repository/user_repository.go:38.3,38.18 1 0
e1m0re/loyalty-srv/internal/repository/user_repository.go:41.2,41.18 1 0
e1m0re/loyalty-srv/internal/repository/user_repository.go:44.116,48.9 4 0
e1m0re/loyalty-srv/internal/repository/user_repository.go:49.37,50.44 1 0
e1m0re/loyalty-srv/internal/repository/user_repository.go:51.18,52.18 1 0
e1m0re/loyalty-srv/internal/repository/user_repository.go:53.10,54.9 1 0
e1m0re/loyalty-srv/internal/repository/user_repository.go:58.108,63.2 3 0
e1m0re/loyalty-srv/internal/repository/mocks/OrderRepository.go:18.109,21.19 2 1
e1m0re/loyalty-srv/internal/repository/mocks/OrderRepository.go:21.19,22.50 1 0
e1m0re/loyalty-srv/internal/repository/mocks/OrderRepository.go:25.2,27.95 3 1
e1m0re/loyalty-srv/internal/repository/mocks/OrderRepository.go:27.95,29.3 1 0
e1m0re/loyalty-srv/internal/repository/mocks/OrderRepository.go:30.2,30.86 1 1
e1m0re/loyalty-srv/internal/repository/mocks/OrderRepository.go:30.86,32.3 1 0
e1m0re/loyalty-srv/internal/repository/mocks/OrderRepository.go:32.8,33.24 1 1
e1m0re/loyalty-srv/internal/repository/mocks/OrderRepository.go:33.24,35.4 1 1
e1m0re/loyalty-srv/internal/repository/mocks/OrderRepository.go:38.2,38.78 1 1
e1m0re/loyalty-srv/internal/repository/mocks/OrderRepository.go:38.78,40.3 1 0
e1m0re/loyalty-srv/internal/repository/mocks/OrderRepository.go:40.8,42.3 1 1
e1m0re/loyalty-srv/internal/repository/mocks/OrderRepository.go:44.2,44.15 1 1
e1m0re/loyalty-srv/internal/repository/mocks/OrderRepository.go:48.120,51.19 2 3
e1m0re/loyalty-srv/internal/repository/mocks/OrderRepository.go:51.19,52.65 1 0
e1m0re/loyalty-srv/internal/repository/mocks/OrderRepository.go:55.2,57.94 3 3
e1m0re/loyalty-srv/internal/repository/mocks/OrderRepository.go:57.94,59.3 1 0
e1m0re/loyalty-srv/internal/repository/mocks/OrderRepository.go:60.2,60.85 1 3
e1m0re/loyalty-srv/internal/repository/mocks/OrderRepository.go:60.85,62.3 1 0
e1m0re/loyalty-srv/internal/repository/mocks/OrderRepository.go:62.8,63.24 1 3
e1m0re/loyalty-srv/internal/repository/mocks/OrderRepository.go:63.24,65.4 1 3
e1m0re/loyalty-srv/internal/repository/mocks/OrderRepository.go:68.2,68.75 1 3
e1m0re/loyalty-srv/internal/repository/mocks/OrderRepository.go:68.75,70.3 1 0
e1m0re/loyalty-srv/internal/repository/mocks/OrderRepository.go:70.8,72.3 1 3
e1m0re/loyalty-srv/internal/repository/mocks/OrderRepository.go:74.2,74.15 1 3
e1m0re/loyalty-srv/internal/repository/mocks/OrderRepository.go:82.21,86.19 3 8
e1m0re/loyalty-srv/internal/repository/mocks/OrderRepository.go:86.19,86.49 1 8
e1m0re/loyalty-srv/internal/repository/mocks/OrderRepository.go:88.2,88.13 1 8
e1m0re/loyalty-srv/internal/repository/mocks/UserRepository.go:20.107,23.19 2 3
e1m0re/loyalty-srv/internal/repository/mocks/UserRepository.go:23.19,24.52 1 0
e1m0re/loyalty-srv/internal/repository/mocks/UserRepository.go:27.2,29.93 3 3
e1m0re/loyalty-srv/internal/repository/mocks/UserRepository.go:29.93,31.3 1 0
e1m0re/loyalty-srv/internal/repository/mocks/UserRepository.go:32.2,32.84 1 3
e1m0re/loyalty-srv/internal/repository/mocks/UserRepository.go:32.84,34.3 1 0
e1m0re/loyalty-srv/internal/repository/mocks/UserRepository.go:34.8,35.24 1 3
e1m0re/loyalty-srv/internal/repository/mocks/UserRepository.go:35.24,37.4 1 1
e1m0re/loyalty-srv/internal/repository/mocks/UserRepository.go:40.2,40.77 1 3
e1m0re/loyalty-srv/internal/repository/mocks/UserRepository.go:40.77,42.3 1 0
e1m0re/loyalty-srv/internal/repository/mocks/UserRepository.go:42.8,44.3 1 3
e1m0re/loyalty-srv/internal/repository/mocks/UserRepository.go:46.2,46.15 1 3
e1m0re/loyalty-srv/internal/repository/mocks/UserRepository.go:50.105,53.19 2 0
e1m0re/loyalty-srv/internal/repository/mocks/UserRepository.go:53.19,54.59 1 0
e1m0re/loyalty-srv/internal/repository/mocks/UserRepository.go:57.2,59.84 3 0
e1m0re/loyalty-srv/internal/repository/mocks/UserRepository.go:59.84,61.3 1 0
e1m0re/loyalty-srv/internal/repository/mocks/UserRepository.go:62.2,62.75 1 0
e1m0re/loyalty-srv/internal/repository/mocks/UserRepository.go:62.75,64.3 1 0
e1m0re/loyalty-srv/internal/repository/mocks/UserRepository.go:64.8,65.24 1 0
e1m0re/loyalty-srv/internal/repository/mocks/UserRepository.go:65.24,67.4 1 0
e1m0re/loyalty-srv/internal/repository/mocks/UserRepository.go:70.2,70.68 1 0
e1m0re/loyalty-srv/internal/repository/mocks/UserRepository.go:70.68,72.3 1 0
e1m0re/loyalty-srv/internal/repository/mocks/UserRepository.go:72.8,74.3 1 0
e1m0re/loyalty-srv/internal/repository/mocks/UserRepository.go:76.2,76.15 1 0
e1m0re/loyalty-srv/internal/repository/mocks/UserRepository.go:80.106,83.19 2 0
e1m0re/loyalty-srv/internal/repository/mocks/UserRepository.go:83.19,84.62 1 0
e1m0re/loyalty-srv/internal/repository/mocks/UserRepository.go:87.2,88.86 2 0
e1m0re/loyalty-srv/internal/repository/mocks/UserRepository.go:88.86,90.3 1 0
e1m0re/loyalty-srv/internal/repository/mocks/UserRepository.go:90.8,92.3 1 0
e1m0re/loyalty-srv/internal/repository/mocks/UserRepository.go:94.2,94.11 1 0
e1m0re/loyalty-srv/internal/repository/mocks/UserRepository.go:102.20,106.19 3 3
e1m0re/loyalty-srv/internal/repository/mocks/UserRepository.go:106.19,106.49 1 3
e1m0re/loyalty-srv/internal/repository/mocks/UserRepository.go:108.2,108.13 1 3
e1m0re/loyalty-srv/internal/service/accounts_service.go:12.43,14.2 1 0
e1m0re/loyalty-srv/internal/service/accounts_service.go:16.110,18.2 1 0
e1m0re/loyalty-srv/internal/service/accounts_service.go:20.118,22.2 1 0
e1m0re/loyalty-srv/internal/service/accounts_service.go:24.141,26.2 1 0
e1m0re/loyalty-srv/internal/service/accounts_service.go:28.114,30.2 1 0
e1m0re/loyalty-srv/internal/service/accounts_service.go:32.120,34.2 1 0
e1m0re/loyalty-srv/internal/service/orders_service.go:17.81,21.2 1 0
e1m0re/loyalty-srv/internal/service/orders_service.go:23.108,25.19 2 5
e1m0re/loyalty-srv/internal/service/orders_service.go:25.19,27.3 1 1
e1m0re/loyalty-srv/internal/service/orders_service.go:29.2,31.33 3 4
e1m0re/loyalty-srv/internal/service/orders_service.go:31.33,35.17 4 37
e1m0re/loyalty-srv/internal/service/orders_service.go:35.17,37.4 1 1
e1m0re/loyalty-srv/internal/service/orders_service.go:39.3,39.22 1 36
e1m0re/loyalty-srv/internal/service/orders_service.go:39.22,41.17 2 17
e1m0re/loyalty-srv/internal/service/orders_service.go:41.17,43.5 1 6
e1m0re/loyalty-srv/internal/service/orders_service.go:45.3,45.15 1 36
e1m0re/loyalty-srv/internal/service/orders_service.go:48.2,50.16 2 3
e1m0re/loyalty-srv/internal/service/orders_service.go:53.126,55.9 2 1
e1m0re/loyalty-srv/internal/service/orders_service.go:55.9,57.3 1 0
e1m0re/loyalty-srv/internal/service/orders_service.go:59.2,66.16 3 1
e1m0re/loyalty-srv/internal/service/orders_service.go:66.16,68.3 1 0
e1m0re/loyalty-srv/internal/service/orders_service.go:70.2,70.25 1 1
e1m0re/loyalty-srv/internal/service/orders_service.go:73.120,75.2 1 3
e1m0re/loyalty-srv/internal/service/orders_service.go:77.140,79.2 1 0
e1m0re/loyalty-srv/internal/service/security_service.go:7.43,9.2 1 0
e1m0re/loyalty-srv/internal/service/security_service.go:11.77,14.16 3 0
e1m0re/loyalty-srv/internal/service/security_service.go:14.16,16.3 1 0
e1m0re/loyalty-srv/internal/service/security_service.go:17.2,17.26 1 0
e1m0re/loyalty-srv/internal/service/security_service.go:20.85,22.2 1 0
e1m0re/loyalty-srv/internal/service/service.go:47.59,53.2 2 0
e1m0re/loyalty-srv/internal/service/users_service.go:16.110,21.2 1 0
e1m0re/loyalty-srv/internal/service/users_service.go:23.115,25.16 2 4
e1m0re/loyalty-srv/internal/service/users_service.go:25.16,27.3 1 1
e1m0re/loyalty-srv/internal/service/users_service.go:29.2,34.18 2 3
e1m0re/loyalty-srv/internal/service/users_service.go:37.113,39.2 1 0
e1m0re/loyalty-srv/internal/service/users_service.go:41.101,43.16 2 0
e1m0re/loyalty-srv/internal/service/users_service.go:43.16,45.3 1 0
e1m0re/loyalty-srv/internal/service/users_service.go:47.2,47.73 1 0
e1m0re/loyalty-srv/internal/service/users_service.go:47.73,49.3 1 0
e1m0re/loyalty-srv/internal/service/users_service.go:51.2,52.16 2 0
e1m0re/loyalty-srv/internal/service/users_service.go:52.16,54.3 1 0
e1m0re/loyalty-srv/internal/service/users_service.go:56.2,56.18 1 0
e1m0re/loyalty-srv/internal/service/users_service.go:59.101,61.2 1 0
e1m0re/loyalty-srv/internal/service/mocks/AccountsService.go:18.111,21.19 2 0
e1m0re/loyalty-srv/internal/service/mocks/AccountsService.go:21.19,22.60 1 0
e1m0re/loyalty-srv/internal/service/mocks/AccountsService.go:25.2,27.94 3 0
e1m0re/loyalty-srv/internal/service/mocks/AccountsService.go:27.94,29.3 1 0
e1m0re/loyalty-srv/internal/service/mocks/AccountsService.go:30.2,30.85 1 0
e1m0re/loyalty-srv/internal/service/mocks/AccountsService.go:30.85,32.3 1 0
e1m0re/loyalty-srv/internal/service/mocks/AccountsService.go:32.8,33.24 1 0
e1m0re/loyalty-srv/internal/service/mocks/AccountsService.go:33.24,35.4 1 0
e1m0re/loyalty-srv/internal/service/mocks/AccountsService.go:38.2,38.75 1 0
e1m0re/loyalty-srv/internal/service/mocks/AccountsService.go:38.75,40.3 1 0
e1m0re/loyalty-srv/internal/service/mocks/AccountsService.go:40.8,42.3 1 0
e1m0re/loyalty-srv/internal/service/mocks/AccountsService.go:44.2,44.15 1 0
e1m0re/loyalty-srv/internal/service/mocks/AccountsService.go:48.119,51.19 2 0
e1m0re/loyalty-srv/internal/service/mocks/AccountsService.go:51.19,52.64 1 0
e1m0re/loyalty-srv/internal/service/mocks/AccountsService.go:55.2,57.98 3 0
e1m0re/loyalty-srv/internal/service/mocks/AccountsService.go:57.98,59.3 1 0
e1m0re/loyalty-srv/internal/service/mocks/AccountsService.go:60.2,60.89 1 0
e1m0re/loyalty-srv/internal/service/mocks/AccountsService.go:60.89,62.3 1 0
e1m0re/loyalty-srv/internal/service/mocks/AccountsService.go:62.8,63.24 1 0
e1m0re/loyalty-srv/internal/service/mocks/AccountsService.go:63.24,65.4 1 0
e1m0re/loyalty-srv/internal/service/mocks/AccountsService.go:68.2,68.75 1 0
e1m0re/loyalty-srv/internal/service/mocks/AccountsService.go:68.75,70.3 1 0
e1m0re/loyalty-srv/internal/service/mocks/AccountsService.go:70.8,72.3 1 0
e1m0re/loyalty-srv/internal/service/mocks/AccountsService.go:74.2,74.15 1 0
e1m0re/loyalty-srv/internal/service/mocks/AccountsService.go:78.112,81.19 2 0
e1m0re/loyalty-srv/internal/service/mocks/AccountsService.go:81.19,82.56 1 0
e1m0re/loyalty-srv/internal/service/mocks/AccountsService.go:85.2,87.99 3 0
e1m0re/loyalty-srv/internal/service/mocks/AccountsService.go:87.99,89.3 1 0
e1m0re/loyalty-srv/internal/service/mocks/AccountsService.go:90.2,90.90 1 0
e1m0re/loyalty-srv/internal/service/mocks/AccountsService.go:90.90,92.3 1 0
e1m0re/loyalty-srv/internal/service/mocks/AccountsService.go:92.8,93.24 1 0
e1m0re/loyalty-srv/internal/service/mocks/AccountsService.go:93.24,95.4 1 0
e1m0re/loyalty-srv/internal/service/mocks/AccountsService.go:98.2,98.75 1 0
e1m0re/loyalty-srv/internal/service/mocks/AccountsService.go:98.75,100.3 1 0
e1m0re/loyalty-srv/internal/service/mocks/AccountsService.go:100.8,102.3 1 0
e1m0re/loyalty-srv/internal/service/mocks/AccountsService.go:104.2,104.15 1 0
e1m0re/loyalty-srv/internal/service/mocks/AccountsService.go:108.121,111.19 2 0
e1m0re/loyalty-srv/internal/service/mocks/AccountsService.go:111.19,112.55 1 0
e1m0re/loyalty-srv/internal/service/mocks/AccountsService.go:115.2,117.102 3 0
e1m0re/loyalty-srv/internal/service/mocks/AccountsService.go:117.102,119.3 1 0
e1m0re/loyalty-srv/internal/service/mocks/AccountsService.go:120.2,120.93 1 0
e1m0re/loyalty-srv/internal/service/mocks/AccountsService.go:120.93,122.3 1 0
e1m0re/loyalty-srv/internal/service/mocks/AccountsService.go:122.8,123.24 1 0
e1m0re/loyalty-srv/internal/service/mocks/AccountsService.go:123.24,125.4 1 0
e1m0re/loyalty-srv/internal/service/mocks/AccountsService.go:128.2,128.83 1 0
e1m0re/loyalty-srv/internal/service/mocks/AccountsService.go:128.83,130.3 1 0
e1m0re/loyalty-srv/internal/service/mocks/AccountsService.go:130.8,132.3 1 0
e1m0re/loyalty-srv/internal/service/mocks/AccountsService.go:134.2,134.15 1 0
e1m0re/loyalty-srv/internal/service/mocks/AccountsService.go:138.142,141.19 2 0
e1m0re/loyalty-srv/internal/service/mocks/AccountsService.go:141.19,142.50 1 0
e1m0re/loyalty-srv/internal/service/mocks/AccountsService.go:145.2,147.119 3 0
e1m0re/loyalty-srv/internal/service/mocks/AccountsService.go:147.119,149.3 1 0
e1m0re/loyalty-srv/internal/service/mocks/AccountsService.go:150.2,150.110 1 0
e1m0re/loyalty-srv/internal/service/mocks/AccountsService.go:150.110,152.3 1 0
e1m0re/loyalty-srv/internal/service/mocks/AccountsService.go:152.8,153.24 1 0
e1m0re/loyalty-srv/internal/service/mocks/AccountsService.go:153.24,155.4 1 0
e1m0re/loyalty-srv/internal/service/mocks/AccountsService.go:158.2,158.100 1 0
e1m0re/loyalty-srv/internal/service/mocks/AccountsService.go:158.100,160.3 1 0
e1m0re/loyalty-srv/internal/service/mocks/AccountsService.go:160.8,162.3 1 0
e1m0re/loyalty-srv/internal/service/mocks/AccountsService.go:164.2,164.15 1 0
e1m0re/loyalty-srv/internal/service/mocks/AccountsService.go:172.21,176.19 3 0
e1m0re/loyalty-srv/internal/service/mocks/AccountsService.go:176.19,176.49 1 0
e1m0re/loyalty-srv/internal/service/mocks/AccountsService.go:178.2,178.13 1 0
e1m0re/loyalty-srv/internal/service/mocks/OrdersService.go:18.118,21.19 2 0
e1m0re/loyalty-srv/internal/service/mocks/OrdersService.go:21.19,22.65 1 0
e1m0re/loyalty-srv/internal/service/mocks/OrdersService.go:25.2,27.94 3 0
e1m0re/loyalty-srv/internal/service/mocks/OrdersService.go:27.94,29.3 1 0
e1m0re/loyalty-srv/internal/service/mocks/OrdersService.go:30.2,30.85 1 0
e1m0re/loyalty-srv/internal/service/mocks/OrdersService.go:30.85,32.3 1 0
e1m0re/loyalty-srv/internal/service/mocks/OrdersService.go:32.8,33.24 1 0
e1m0re/loyalty-srv/internal/service/mocks/OrdersService.go:33.24,35.4 1 0
e1m0re/loyalty-srv/internal/service/mocks/OrdersService.go:38.2,38.75 1 0
e1m0re/loyalty-srv/internal/service/mocks/OrdersService.go:38.75,40.3 1 0
e1m0re/loyalty-srv/internal/service/mocks/OrdersService.go:40.8,42.3 1 0
e1m0re/loyalty-srv/internal/service/mocks/OrdersService.go:44.2,44.15 1 0
e1m0re/loyalty-srv/internal/service/mocks/OrdersService.go:48.111,51.19 2 0
e1m0re/loyalty-srv/internal/service/mocks/OrdersService.go:51.19,52.50 1 0
e1m0re/loyalty-srv/internal/service/mocks/OrdersService.go:55.2,58.100 4 0
e1m0re/loyalty-srv/internal/service/mocks/OrdersService.go:58.100,60.3 1 0
e1m0re/loyalty-srv/internal/service/mocks/OrdersService.go:61.2,61.85 1 0
e1m0re/loyalty-srv/internal/service/mocks/OrdersService.go:61.85,63.3 1 0
e1m0re/loyalty-srv/internal/service/mocks/OrdersService.go:63.8,64.24 1 0
e1m0re/loyalty-srv/internal/service/mocks/OrdersService.go:64.24,66.4 1 0
e1m0re/loyalty-srv/internal/service/mocks/OrdersService.go:69.2,69.76 1 0
e1m0re/loyalty-srv/internal/service/mocks/OrdersService.go:69.76,71.3 1 0
e1m0re/loyalty-srv/internal/service/mocks/OrdersService.go:71.8,73.3 1 0
e1m0re/loyalty-srv/internal/service/mocks/OrdersService.go:75.2,75.77 1 0
e1m0re/loyalty-srv/internal/service/mocks/OrdersService.go:75.77,77.3 1 0
e1m0re/loyalty-srv/internal/service/mocks/OrdersService.go:77.8,79.3 1 0
e1m0re/loyalty-srv/internal/service/mocks/OrdersService.go:81.2,81.19 1 0
e1m0re/loyalty-srv/internal/service/mocks/OrdersService.go:85.141,88.19 2 0
e1m0re/loyalty-srv/internal/service/mocks/OrdersService.go:88.19,89.53 1 0
e1m0re/loyalty-srv/internal/service/mocks/OrdersService.go:92.2,94.118 3 0
e1m0re/loyalty-srv/internal/service/mocks/OrdersService.go:94.118,96.3 1 0
e1m0re/loyalty-srv/internal/service/mocks/OrdersService.go:97.2,97.109 1 0
e1m0re/loyalty-srv/internal/service/mocks/OrdersService.go:97.109,99.3 1 0
e1m0re/loyalty-srv/internal/service/mocks/OrdersService.go:99.8,101.3 1 0
e1m0re/loyalty-srv/internal/service/mocks/OrdersService.go:103.2,103.102 1 0
e1m0re/loyalty-srv/internal/service/mocks/OrdersService.go:103.102,105.3 1 0
e1m0re/loyalty-srv/internal/service/mocks/OrdersService.go:105.8,107.3 1 0
e1m0re/loyalty-srv/internal/service/mocks/OrdersService.go:109.2,109.15 1 0
e1m0re/loyalty-srv/internal/service/mocks/OrdersService.go:113.102,116.19 2 0
e1m0re/loyalty-srv/internal/service/mocks/OrdersService.go:116.19,117.56 1 0
e1m0re/loyalty-srv/internal/service/mocks/OrdersService.go:120.2,122.85 3 0
e1m0re/loyalty-srv/internal/service/mocks/OrdersService.go:122.85,124.3 1 0
e1m0re/loyalty-srv/internal/service/mocks/OrdersService.go:125.2,125.76 1 0
e1m0re/loyalty-srv/internal/service/mocks/OrdersService.go:125.76,127.3 1 0
e1m0re/loyalty-srv/internal/service/mocks/OrdersService.go:127.8,129.3 1 0
e1m0re/loyalty-srv/internal/service/mocks/OrdersService.go:131.2,131.77 1 0
e1m0re/loyalty-srv/internal/service/mocks/OrdersService.go:131.77,133.3 1 0
e1m0re/loyalty-srv/internal/service/mocks/OrdersService.go:133.8,135.3 1 0
e1m0re/loyalty-srv/internal/service/mocks/OrdersService.go:137.2,137.15 1 0
e1m0re/loyalty-srv/internal/service/mocks/OrdersService.go:145.19,149.19 3 0
e1m0re/loyalty-srv/internal/service/mocks/OrdersService.go:149.19,149.49 1 0
e1m0re/loyalty-srv/internal/service/mocks/OrdersService.go:151.2,151.13 1 0
e1m0re/loyalty-srv/internal/service/mocks/SecurityService.go:13.85,16.19 2 0
e1m0re/loyalty-srv/internal/service/mocks/SecurityService.go:16.19,17.55 1 0
e1m0re/loyalty-srv/internal/service/mocks/SecurityService.go:20.2,21.58 2 0
e1m0re/loyalty-srv/internal/service/mocks/SecurityService.go:21.58,23.3 1 0
e1m0re/loyalty-srv/internal/service/mocks/SecurityService.go:23.8,25.3 1 0
e1m0re/loyalty-srv/internal/service/mocks/SecurityService.go:27.2,27.11 1 0
e1m0re/loyalty-srv/internal/service/mocks/SecurityService.go:31.77,34.19 2 4
e1m0re/loyalty-srv/internal/service/mocks/SecurityService.go:34.19,35.57 1 0
e1m0re/loyalty-srv/internal/service/mocks/SecurityService.go:38.2,40.61 3 4
e1m0re/loyalty-srv/internal/service/mocks/SecurityService.go:40.61,42.3 1 0
e1m0re/loyalty-srv/internal/service/mocks/SecurityService.go:43.2,43.52 1 4
e1m0re/loyalty-srv/internal/service/mocks/SecurityService.go:43.52,45.3 1 0
e1m0re/loyalty-srv/internal/service/mocks/SecurityService.go:45.8,47.3 1 4
e1m0re/loyalty-srv/internal/service/mocks/SecurityService.go:49.2,49.51 1 4
e1m0re/loyalty-srv/internal/service/mocks/SecurityService.go:49.51,51.3 1 0
e1m0re/loyalty-srv/internal/service/mocks/SecurityService.go:51.8,53.3 1 4
e1m0re/loyalty-srv/internal/service/mocks/SecurityService.go:55.2,55.15 1 4
e1m0re/loyalty-srv/internal/service/mocks/SecurityService.go:63.21,67.19 3 4
e1m0re/loyalty-srv/internal/service/mocks/SecurityService.go:67.19,67.49 1 4
e1m0re/loyalty-srv/internal/service/mocks/SecurityService.go:69.2,69.13 1 4
e1m0re/loyalty-srv/internal/service/mocks/UsersService.go:18.106,21.19 2 0
e1m0re/loyalty-srv/internal/service/mocks/UsersService.go:21.19,22.52 1 0
e1m0re/loyalty-srv/internal/service/mocks/UsersService.go:25.2,27.94 3 0
e1m0re/loyalty-srv/internal/service/mocks/UsersService.go:27.94,29.3 1 0
e1m0re/loyalty-srv/internal/service/mocks/UsersService.go:30.2,30.85 1 0
e1m0re/loyalty-srv/internal/service/mocks/UsersService.go:30.85,32.3 1 0
e1m0re/loyalty-srv/internal/service/mocks/UsersService.go:32.8,33.24 1 0
e1m0re/loyalty-srv/internal/service/mocks/UsersService.go:33.24,35.4 1 0
e1m0re/loyalty-srv/internal/service/mocks/UsersService.go:38.2,38.78 1 0
e1m0re/loyalty-srv/internal/service/mocks/UsersService.go:38.78,40.3 1 0
e1m0re/loyalty-srv/internal/service/mocks/UsersService.go:40.8,42.3 1 0
e1m0re/loyalty-srv/internal/service/mocks/UsersService.go:44.2,44.15 1 0
e1m0re/loyalty-srv/internal/service/mocks/UsersService.go:48.104,51.19 2 0
e1m0re/loyalty-srv/internal/service/mocks/UsersService.go:51.19,52.60 1 0
e1m0re/loyalty-srv/internal/service/mocks/UsersService.go:55.2,57.84 3 0
e1m0re/loyalty-srv/internal/service/mocks/UsersService.go:57.84,59.3 1 0
e1m0re/loyalty-srv/internal/service/mocks/UsersService.go:60.2,60.75 1 0
e1m0re/loyalty-srv/internal/service/mocks/UsersService.go:60.75,62.3 1 0
e1m0re/loyalty-srv/internal/service/mocks/UsersService.go:62.8,63.24 1 0
e1m0re/loyalty-srv/internal/service/mocks/UsersService.go:63.24,65.4 1 0
e1m0re/loyalty-srv/internal/service/mocks/UsersService.go:68.2,68.68 1 0
e1m0re/loyalty-srv/internal/service/mocks/UsersService.go:68.68,70.3 1 0
e1m0re/loyalty-srv/internal/service/mocks/UsersService.go:70.8,72.3 1 0
e1m0re/loyalty-srv/internal/service/mocks/UsersService.go:74.2,74.15 1 0
e1m0re/loyalty-srv/internal/service/mocks/UsersService.go:78.94,81.19 2 0
e1m0re/loyalty-srv/internal/service/mocks/UsersService.go:81.19,82.48 1 0
e1m0re/loyalty-srv/internal/service/mocks/UsersService.go:85.2,87.86 3 0
e1m0re/loyalty-srv/internal/service/mocks/UsersService.go:87.86,89.3 1 0
e1m0re/loyalty-srv/internal/service/mocks/UsersService.go:90.2,90.77 1 0
e1m0re/loyalty-srv/internal/service/mocks/UsersService.go:90.77,92.3 1 0
e1m0re/loyalty-srv/internal/service/mocks/UsersService.go:92.8,94.3 1 0
e1m0re/loyalty-srv/internal/service/mocks/UsersService.go:96.2,96.78 1 0
e1m0re/loyalty-srv/internal/service/mocks/UsersService.go:96.78,98.3 1 0
e1m0re/loyalty-srv/internal/service/mocks/UsersService.go:98.8,100.3 1 0
e1m0re/loyalty-srv/internal/service/mocks/UsersService.go:102.2,102.15 1 0
e1m0re/loyalty-srv/internal/service/mocks/UsersService.go:106.94,109.19 2 0
e1m0re/loyalty-srv/internal/service/mocks/UsersService.go:109.19,110.48 1 0
e1m0re/loyalty-srv/internal/service/mocks/UsersService.go:113.2,115.86 3 0
e1m0re/loyalty-srv/internal/service/mocks/UsersService.go:115.86,117.3 1 0
e1m0re/loyalty-srv/internal/service/mocks/UsersService.go:118.2,118.77 1 0
e1m0re/loyalty-srv/internal/service/mocks/UsersService.go:118.77,120.3 1 0
e1m0re/loyalty-srv/internal/service/mocks/UsersService.go:120.8,122.3 1 0
e1m0re/loyalty-srv/internal/service/mocks/UsersService.go:124.2,124.78 1 0
e1m0re/loyalty-srv/internal/service/mocks/UsersService.go:124.78,126.3 1 0
e1m0re/loyalty-srv/internal/service/mocks/UsersService.go:126.8,128.3 1 0
e1m0re/loyalty-srv/internal/service/mocks/UsersService.go:130.2,130.15 1 0
e1m0re/loyalty-srv/internal/service/mocks/UsersService.go:138.18,142.19 3 0
e1m0re/loyalty-srv/internal/service/mocks/UsersService.go:142.19,142.49 1 0
e1m0re/loyalty-srv/internal/service/mocks/UsersService.go:144.2,144.13 1 0
