mode: atomic
e1m0re/loyalty-srv/cmd/gophermart/main.go:17.13,21.12 3 0
e1m0re/loyalty-srv/cmd/gophermart/main.go:21.12,27.3 4 0
e1m0re/loyalty-srv/cmd/gophermart/main.go:29.2,32.16 3 0
e1m0re/loyalty-srv/cmd/gophermart/main.go:32.16,35.3 2 0
e1m0re/loyalty-srv/cmd/gophermart/main.go:37.2,38.16 2 0
e1m0re/loyalty-srv/cmd/gophermart/main.go:38.16,39.43 1 0
e1m0re/loyalty-srv/cmd/gophermart/main.go:39.43,42.4 2 0
e1m0re/loyalty-srv/cmd/gophermart/main.go:44.3,47.4 1 0
e1m0re/loyalty-srv/internal/api/config.go:15.27,23.68 7 0
e1m0re/loyalty-srv/internal/api/config.go:23.68,25.3 1 0
e1m0re/loyalty-srv/internal/api/config.go:27.2,27.71 1 0
e1m0re/loyalty-srv/internal/api/config.go:27.71,29.3 1 0
e1m0re/loyalty-srv/internal/api/config.go:31.2,31.99 1 0
e1m0re/loyalty-srv/internal/api/config.go:31.99,33.3 1 0
e1m0re/loyalty-srv/internal/api/config.go:35.2,35.75 1 0
e1m0re/loyalty-srv/internal/api/config.go:35.75,37.3 1 0
e1m0re/loyalty-srv/internal/api/config.go:39.2,39.16 1 0
e1m0re/loyalty-srv/internal/api/migrate.go:11.55,15.16 3 0
e1m0re/loyalty-srv/internal/api/migrate.go:15.16,17.3 1 0
e1m0re/loyalty-srv/internal/api/migrate.go:19.2,21.16 3 0
e1m0re/loyalty-srv/internal/api/migrate.go:21.16,23.3 1 0
e1m0re/loyalty-srv/internal/api/migrate.go:25.2,26.16 2 0
e1m0re/loyalty-srv/internal/api/migrate.go:26.16,28.3 1 0
e1m0re/loyalty-srv/internal/api/migrate.go:30.2,30.19 1 0
e1m0re/loyalty-srv/internal/api/server.go:23.67,25.16 2 0
e1m0re/loyalty-srv/internal/api/server.go:25.16,27.3 1 0
e1m0re/loyalty-srv/internal/api/server.go:29.2,42.17 6 0
e1m0re/loyalty-srv/internal/api/server.go:45.63,48.56 3 0
e1m0re/loyalty-srv/internal/api/server.go:48.56,50.3 1 0
e1m0re/loyalty-srv/internal/api/server.go:52.2,52.12 1 0
e1m0re/loyalty-srv/internal/api/server.go:55.53,58.22 2 0
e1m0re/loyalty-srv/internal/api/server.go:58.22,60.3 1 0
e1m0re/loyalty-srv/internal/api/server.go:62.2,62.22 1 0
e1m0re/loyalty-srv/internal/api/server.go:62.22,66.3 2 0
e1m0re/loyalty-srv/internal/api/server.go:68.2,68.19 1 0
e1m0re/loyalty-srv/internal/api/server.go:71.56,73.2 1 0
e1m0re/loyalty-srv/internal/api/handler/middleware/authenticator.go:14.73,15.46 1 0
e1m0re/loyalty-srv/internal/api/handler/middleware/authenticator.go:15.46,16.55 1 0
e1m0re/loyalty-srv/internal/api/handler/middleware/authenticator.go:16.55,19.18 2 0
e1m0re/loyalty-srv/internal/api/handler/middleware/authenticator.go:19.18,23.5 3 0
e1m0re/loyalty-srv/internal/api/handler/middleware/authenticator.go:25.4,25.75 1 0
e1m0re/loyalty-srv/internal/api/handler/middleware/authenticator.go:25.75,29.5 3 0
e1m0re/loyalty-srv/internal/api/handler/middleware/authenticator.go:31.4,34.41 4 0
e1m0re/loyalty-srv/internal/api/handler/middleware/authenticator.go:36.3,36.31 1 0
e1m0re/loyalty-srv/internal/repository/mocks/OrderRepository.go:18.109,21.19 2 0
e1m0re/loyalty-srv/internal/repository/mocks/OrderRepository.go:21.19,22.50 1 0
e1m0re/loyalty-srv/internal/repository/mocks/OrderRepository.go:25.2,27.95 3 0
e1m0re/loyalty-srv/internal/repository/mocks/OrderRepository.go:27.95,29.3 1 0
e1m0re/loyalty-srv/internal/repository/mocks/OrderRepository.go:30.2,30.86 1 0
e1m0re/loyalty-srv/internal/repository/mocks/OrderRepository.go:30.86,32.3 1 0
e1m0re/loyalty-srv/internal/repository/mocks/OrderRepository.go:32.8,33.24 1 0
e1m0re/loyalty-srv/internal/repository/mocks/OrderRepository.go:33.24,35.4 1 0
e1m0re/loyalty-srv/internal/repository/mocks/OrderRepository.go:38.2,38.78 1 0
e1m0re/loyalty-srv/internal/repository/mocks/OrderRepository.go:38.78,40.3 1 0
e1m0re/loyalty-srv/internal/repository/mocks/OrderRepository.go:40.8,42.3 1 0
e1m0re/loyalty-srv/internal/repository/mocks/OrderRepository.go:44.2,44.15 1 0
e1m0re/loyalty-srv/internal/repository/mocks/OrderRepository.go:48.120,51.19 2 0
e1m0re/loyalty-srv/internal/repository/mocks/OrderRepository.go:51.19,52.65 1 0
e1m0re/loyalty-srv/internal/repository/mocks/OrderRepository.go:55.2,57.94 3 0
e1m0re/loyalty-srv/internal/repository/mocks/OrderRepository.go:57.94,59.3 1 0
e1m0re/loyalty-srv/internal/repository/mocks/OrderRepository.go:60.2,60.85 1 0
e1m0re/loyalty-srv/internal/repository/mocks/OrderRepository.go:60.85,62.3 1 0
e1m0re/loyalty-srv/internal/repository/mocks/OrderRepository.go:62.8,63.24 1 0
e1m0re/loyalty-srv/internal/repository/mocks/OrderRepository.go:63.24,65.4 1 0
e1m0re/loyalty-srv/internal/repository/mocks/OrderRepository.go:68.2,68.75 1 0
e1m0re/loyalty-srv/internal/repository/mocks/OrderRepository.go:68.75,70.3 1 0
e1m0re/loyalty-srv/internal/repository/mocks/OrderRepository.go:70.8,72.3 1 0
e1m0re/loyalty-srv/internal/repository/mocks/OrderRepository.go:74.2,74.15 1 0
e1m0re/loyalty-srv/internal/repository/mocks/OrderRepository.go:78.110,81.19 2 0
e1m0re/loyalty-srv/internal/repository/mocks/OrderRepository.go:81.19,82.58 1 0
e1m0re/loyalty-srv/internal/repository/mocks/OrderRepository.go:85.2,87.94 3 0
e1m0re/loyalty-srv/internal/repository/mocks/OrderRepository.go:87.94,89.3 1 0
e1m0re/loyalty-srv/internal/repository/mocks/OrderRepository.go:90.2,90.85 1 0
e1m0re/loyalty-srv/internal/repository/mocks/OrderRepository.go:90.85,92.3 1 0
e1m0re/loyalty-srv/internal/repository/mocks/OrderRepository.go:92.8,93.24 1 0
e1m0re/loyalty-srv/internal/repository/mocks/OrderRepository.go:93.24,95.4 1 0
e1m0re/loyalty-srv/internal/repository/mocks/OrderRepository.go:98.2,98.77 1 0
e1m0re/loyalty-srv/internal/repository/mocks/OrderRepository.go:98.77,100.3 1 0
e1m0re/loyalty-srv/internal/repository/mocks/OrderRepository.go:100.8,102.3 1 0
e1m0re/loyalty-srv/internal/repository/mocks/OrderRepository.go:104.2,104.15 1 0
e1m0re/loyalty-srv/internal/repository/mocks/OrderRepository.go:112.21,116.19 3 0
e1m0re/loyalty-srv/internal/repository/mocks/OrderRepository.go:116.19,116.49 1 0
e1m0re/loyalty-srv/internal/repository/mocks/OrderRepository.go:118.2,118.13 1 0
e1m0re/loyalty-srv/internal/repository/mocks/UserRepository.go:20.107,23.19 2 0
e1m0re/loyalty-srv/internal/repository/mocks/UserRepository.go:23.19,24.52 1 0
e1m0re/loyalty-srv/internal/repository/mocks/UserRepository.go:27.2,29.93 3 0
e1m0re/loyalty-srv/internal/repository/mocks/UserRepository.go:29.93,31.3 1 0
e1m0re/loyalty-srv/internal/repository/mocks/UserRepository.go:32.2,32.84 1 0
e1m0re/loyalty-srv/internal/repository/mocks/UserRepository.go:32.84,34.3 1 0
e1m0re/loyalty-srv/internal/repository/mocks/UserRepository.go:34.8,35.24 1 0
e1m0re/loyalty-srv/internal/repository/mocks/UserRepository.go:35.24,37.4 1 0
e1m0re/loyalty-srv/internal/repository/mocks/UserRepository.go:40.2,40.77 1 0
e1m0re/loyalty-srv/internal/repository/mocks/UserRepository.go:40.77,42.3 1 0
e1m0re/loyalty-srv/internal/repository/mocks/UserRepository.go:42.8,44.3 1 0
e1m0re/loyalty-srv/internal/repository/mocks/UserRepository.go:46.2,46.15 1 0
e1m0re/loyalty-srv/internal/repository/mocks/UserRepository.go:50.105,53.19 2 0
e1m0re/loyalty-srv/internal/repository/mocks/UserRepository.go:53.19,54.59 1 0
e1m0re/loyalty-srv/internal/repository/mocks/UserRepository.go:57.2,59.84 3 0
e1m0re/loyalty-srv/internal/repository/mocks/UserRepository.go:59.84,61.3 1 0
e1m0re/loyalty-srv/internal/repository/mocks/UserRepository.go:62.2,62.75 1 0
e1m0re/loyalty-srv/internal/repository/mocks/UserRepository.go:62.75,64.3 1 0
e1m0re/loyalty-srv/internal/repository/mocks/UserRepository.go:64.8,65.24 1 0
e1m0re/loyalty-srv/internal/repository/mocks/UserRepository.go:65.24,67.4 1 0
e1m0re/loyalty-srv/internal/repository/mocks/UserRepository.go:70.2,70.68 1 0
e1m0re/loyalty-srv/internal/repository/mocks/UserRepository.go:70.68,72.3 1 0
e1m0re/loyalty-srv/internal/repository/mocks/UserRepository.go:72.8,74.3 1 0
e1m0re/loyalty-srv/internal/repository/mocks/UserRepository.go:76.2,76.15 1 0
e1m0re/loyalty-srv/internal/repository/mocks/UserRepository.go:80.106,83.19 2 0
e1m0re/loyalty-srv/internal/repository/mocks/UserRepository.go:83.19,84.62 1 0
e1m0re/loyalty-srv/internal/repository/mocks/UserRepository.go:87.2,88.86 2 0
e1m0re/loyalty-srv/internal/repository/mocks/UserRepository.go:88.86,90.3 1 0
e1m0re/loyalty-srv/internal/repository/mocks/UserRepository.go:90.8,92.3 1 0
e1m0re/loyalty-srv/internal/repository/mocks/UserRepository.go:94.2,94.11 1 0
e1m0re/loyalty-srv/internal/repository/mocks/UserRepository.go:102.20,106.19 3 0
e1m0re/loyalty-srv/internal/repository/mocks/UserRepository.go:106.19,106.49 1 0
e1m0re/loyalty-srv/internal/repository/mocks/UserRepository.go:108.2,108.13 1 0
e1m0re/loyalty-srv/internal/models/order.go:30.47,39.2 2 0
e1m0re/loyalty-srv/internal/service/mocks/AccountsService.go:18.111,21.19 2 0
e1m0re/loyalty-srv/internal/service/mocks/AccountsService.go:21.19,22.60 1 0
e1m0re/loyalty-srv/internal/service/mocks/AccountsService.go:25.2,27.94 3 0
e1m0re/loyalty-srv/internal/service/mocks/AccountsService.go:27.94,29.3 1 0
e1m0re/loyalty-srv/internal/service/mocks/AccountsService.go:30.2,30.85 1 0
e1m0re/loyalty-srv/internal/service/mocks/AccountsService.go:30.85,32.3 1 0
e1m0re/loyalty-srv/internal/service/mocks/AccountsService.go:32.8,33.24 1 0
e1m0re/loyalty-srv/internal/service/mocks/AccountsService.go:33.24,35.4 1 0
e1m0re/loyalty-srv/internal/service/mocks/AccountsService.go:38.2,38.75 1 0
e1m0re/loyalty-srv/internal/service/mocks/AccountsService.go:38.75,40.3 1 0
e1m0re/loyalty-srv/internal/service/mocks/AccountsService.go:40.8,42.3 1 0
e1m0re/loyalty-srv/internal/service/mocks/AccountsService.go:44.2,44.15 1 0
e1m0re/loyalty-srv/internal/service/mocks/AccountsService.go:48.119,51.19 2 0
e1m0re/loyalty-srv/internal/service/mocks/AccountsService.go:51.19,52.64 1 0
e1m0re/loyalty-srv/internal/service/mocks/AccountsService.go:55.2,57.98 3 0
e1m0re/loyalty-srv/internal/service/mocks/AccountsService.go:57.98,59.3 1 0
e1m0re/loyalty-srv/internal/service/mocks/AccountsService.go:60.2,60.89 1 0
e1m0re/loyalty-srv/internal/service/mocks/AccountsService.go:60.89,62.3 1 0
e1m0re/loyalty-srv/internal/service/mocks/AccountsService.go:62.8,63.24 1 0
e1m0re/loyalty-srv/internal/service/mocks/AccountsService.go:63.24,65.4 1 0
e1m0re/loyalty-srv/internal/service/mocks/AccountsService.go:68.2,68.75 1 0
e1m0re/loyalty-srv/internal/service/mocks/AccountsService.go:68.75,70.3 1 0
e1m0re/loyalty-srv/internal/service/mocks/AccountsService.go:70.8,72.3 1 0
e1m0re/loyalty-srv/internal/service/mocks/AccountsService.go:74.2,74.15 1 0
e1m0re/loyalty-srv/internal/service/mocks/AccountsService.go:78.112,81.19 2 0
e1m0re/loyalty-srv/internal/service/mocks/AccountsService.go:81.19,82.56 1 0
e1m0re/loyalty-srv/internal/service/mocks/AccountsService.go:85.2,87.99 3 0
e1m0re/loyalty-srv/internal/service/mocks/AccountsService.go:87.99,89.3 1 0
e1m0re/loyalty-srv/internal/service/mocks/AccountsService.go:90.2,90.90 1 0
e1m0re/loyalty-srv/internal/service/mocks/AccountsService.go:90.90,92.3 1 0
e1m0re/loyalty-srv/internal/service/mocks/AccountsService.go:92.8,93.24 1 0
e1m0re/loyalty-srv/internal/service/mocks/AccountsService.go:93.24,95.4 1 0
e1m0re/loyalty-srv/internal/service/mocks/AccountsService.go:98.2,98.75 1 0
e1m0re/loyalty-srv/internal/service/mocks/AccountsService.go:98.75,100.3 1 0
e1m0re/loyalty-srv/internal/service/mocks/AccountsService.go:100.8,102.3 1 0
e1m0re/loyalty-srv/internal/service/mocks/AccountsService.go:104.2,104.15 1 0
e1m0re/loyalty-srv/internal/service/mocks/AccountsService.go:108.121,111.19 2 0
e1m0re/loyalty-srv/internal/service/mocks/AccountsService.go:111.19,112.55 1 0
e1m0re/loyalty-srv/internal/service/mocks/AccountsService.go:115.2,117.102 3 0
e1m0re/loyalty-srv/internal/service/mocks/AccountsService.go:117.102,119.3 1 0
e1m0re/loyalty-srv/internal/service/mocks/AccountsService.go:120.2,120.93 1 0
e1m0re/loyalty-srv/internal/service/mocks/AccountsService.go:120.93,122.3 1 0
e1m0re/loyalty-srv/internal/service/mocks/AccountsService.go:122.8,123.24 1 0
e1m0re/loyalty-srv/internal/service/mocks/AccountsService.go:123.24,125.4 1 0
e1m0re/loyalty-srv/internal/service/mocks/AccountsService.go:128.2,128.83 1 0
e1m0re/loyalty-srv/internal/service/mocks/AccountsService.go:128.83,130.3 1 0
e1m0re/loyalty-srv/internal/service/mocks/AccountsService.go:130.8,132.3 1 0
e1m0re/loyalty-srv/internal/service/mocks/AccountsService.go:134.2,134.15 1 0
e1m0re/loyalty-srv/internal/service/mocks/AccountsService.go:138.142,141.19 2 0
e1m0re/loyalty-srv/internal/service/mocks/AccountsService.go:141.19,142.50 1 0
e1m0re/loyalty-srv/internal/service/mocks/AccountsService.go:145.2,147.119 3 0
e1m0re/loyalty-srv/internal/service/mocks/AccountsService.go:147.119,149.3 1 0
e1m0re/loyalty-srv/internal/service/mocks/AccountsService.go:150.2,150.110 1 0
e1m0re/loyalty-srv/internal/service/mocks/AccountsService.go:150.110,152.3 1 0
e1m0re/loyalty-srv/internal/service/mocks/AccountsService.go:152.8,153.24 1 0
e1m0re/loyalty-srv/internal/service/mocks/AccountsService.go:153.24,155.4 1 0
e1m0re/loyalty-srv/internal/service/mocks/AccountsService.go:158.2,158.100 1 0
e1m0re/loyalty-srv/internal/service/mocks/AccountsService.go:158.100,160.3 1 0
e1m0re/loyalty-srv/internal/service/mocks/AccountsService.go:160.8,162.3 1 0
e1m0re/loyalty-srv/internal/service/mocks/AccountsService.go:164.2,164.15 1 0
e1m0re/loyalty-srv/internal/service/mocks/AccountsService.go:172.21,176.19 3 0
e1m0re/loyalty-srv/internal/service/mocks/AccountsService.go:176.19,176.49 1 0
e1m0re/loyalty-srv/internal/service/mocks/AccountsService.go:178.2,178.13 1 0
e1m0re/loyalty-srv/internal/service/mocks/OrdersService.go:18.118,21.19 2 0
e1m0re/loyalty-srv/internal/service/mocks/OrdersService.go:21.19,22.65 1 0
e1m0re/loyalty-srv/internal/service/mocks/OrdersService.go:25.2,27.94 3 0
e1m0re/loyalty-srv/internal/service/mocks/OrdersService.go:27.94,29.3 1 0
e1m0re/loyalty-srv/internal/service/mocks/OrdersService.go:30.2,30.85 1 0
e1m0re/loyalty-srv/internal/service/mocks/OrdersService.go:30.85,32.3 1 0
e1m0re/loyalty-srv/internal/service/mocks/OrdersService.go:32.8,33.24 1 0
e1m0re/loyalty-srv/internal/service/mocks/OrdersService.go:33.24,35.4 1 0
e1m0re/loyalty-srv/internal/service/mocks/OrdersService.go:38.2,38.75 1 0
e1m0re/loyalty-srv/internal/service/mocks/OrdersService.go:38.75,40.3 1 0
e1m0re/loyalty-srv/internal/service/mocks/OrdersService.go:40.8,42.3 1 0
e1m0re/loyalty-srv/internal/service/mocks/OrdersService.go:44.2,44.15 1 0
e1m0re/loyalty-srv/internal/service/mocks/OrdersService.go:48.107,51.19 2 0
e1m0re/loyalty-srv/internal/service/mocks/OrdersService.go:51.19,52.50 1 0
e1m0re/loyalty-srv/internal/service/mocks/OrdersService.go:55.2,57.95 3 0
e1m0re/loyalty-srv/internal/service/mocks/OrdersService.go:57.95,59.3 1 0
e1m0re/loyalty-srv/internal/service/mocks/OrdersService.go:60.2,60.86 1 0
e1m0re/loyalty-srv/internal/service/mocks/OrdersService.go:60.86,62.3 1 0
e1m0re/loyalty-srv/internal/service/mocks/OrdersService.go:62.8,63.24 1 0
e1m0re/loyalty-srv/internal/service/mocks/OrdersService.go:63.24,65.4 1 0
e1m0re/loyalty-srv/internal/service/mocks/OrdersService.go:68.2,68.78 1 0
e1m0re/loyalty-srv/internal/service/mocks/OrdersService.go:68.78,70.3 1 0
e1m0re/loyalty-srv/internal/service/mocks/OrdersService.go:70.8,72.3 1 0
e1m0re/loyalty-srv/internal/service/mocks/OrdersService.go:74.2,74.15 1 0
e1m0re/loyalty-srv/internal/service/mocks/OrdersService.go:78.141,81.19 2 0
e1m0re/loyalty-srv/internal/service/mocks/OrdersService.go:81.19,82.53 1 0
e1m0re/loyalty-srv/internal/service/mocks/OrdersService.go:85.2,87.118 3 0
e1m0re/loyalty-srv/internal/service/mocks/OrdersService.go:87.118,89.3 1 0
e1m0re/loyalty-srv/internal/service/mocks/OrdersService.go:90.2,90.109 1 0
e1m0re/loyalty-srv/internal/service/mocks/OrdersService.go:90.109,92.3 1 0
e1m0re/loyalty-srv/internal/service/mocks/OrdersService.go:92.8,94.3 1 0
e1m0re/loyalty-srv/internal/service/mocks/OrdersService.go:96.2,96.102 1 0
e1m0re/loyalty-srv/internal/service/mocks/OrdersService.go:96.102,98.3 1 0
e1m0re/loyalty-srv/internal/service/mocks/OrdersService.go:98.8,100.3 1 0
e1m0re/loyalty-srv/internal/service/mocks/OrdersService.go:102.2,102.15 1 0
e1m0re/loyalty-srv/internal/service/mocks/OrdersService.go:106.102,109.19 2 0
e1m0re/loyalty-srv/internal/service/mocks/OrdersService.go:109.19,110.56 1 0
e1m0re/loyalty-srv/internal/service/mocks/OrdersService.go:113.2,115.85 3 0
e1m0re/loyalty-srv/internal/service/mocks/OrdersService.go:115.85,117.3 1 0
e1m0re/loyalty-srv/internal/service/mocks/OrdersService.go:118.2,118.76 1 0
e1m0re/loyalty-srv/internal/service/mocks/OrdersService.go:118.76,120.3 1 0
e1m0re/loyalty-srv/internal/service/mocks/OrdersService.go:120.8,122.3 1 0
e1m0re/loyalty-srv/internal/service/mocks/OrdersService.go:124.2,124.77 1 0
e1m0re/loyalty-srv/internal/service/mocks/OrdersService.go:124.77,126.3 1 0
e1m0re/loyalty-srv/internal/service/mocks/OrdersService.go:126.8,128.3 1 0
e1m0re/loyalty-srv/internal/service/mocks/OrdersService.go:130.2,130.15 1 0
e1m0re/loyalty-srv/internal/service/mocks/OrdersService.go:138.19,142.19 3 0
e1m0re/loyalty-srv/internal/service/mocks/OrdersService.go:142.19,142.49 1 0
e1m0re/loyalty-srv/internal/service/mocks/OrdersService.go:144.2,144.13 1 0
e1m0re/loyalty-srv/internal/service/mocks/SecurityService.go:18.85,21.19 2 0
e1m0re/loyalty-srv/internal/service/mocks/SecurityService.go:21.19,22.55 1 0
e1m0re/loyalty-srv/internal/service/mocks/SecurityService.go:25.2,26.58 2 0
e1m0re/loyalty-srv/internal/service/mocks/SecurityService.go:26.58,28.3 1 0
e1m0re/loyalty-srv/internal/service/mocks/SecurityService.go:28.8,30.3 1 0
e1m0re/loyalty-srv/internal/service/mocks/SecurityService.go:32.2,32.11 1 0
e1m0re/loyalty-srv/internal/service/mocks/SecurityService.go:36.65,39.19 2 0
e1m0re/loyalty-srv/internal/service/mocks/SecurityService.go:39.19,40.59 1 0
e1m0re/loyalty-srv/internal/service/mocks/SecurityService.go:43.2,44.56 2 0
e1m0re/loyalty-srv/internal/service/mocks/SecurityService.go:44.56,46.3 1 0
e1m0re/loyalty-srv/internal/service/mocks/SecurityService.go:46.8,47.24 1 0
e1m0re/loyalty-srv/internal/service/mocks/SecurityService.go:47.24,49.4 1 0
e1m0re/loyalty-srv/internal/service/mocks/SecurityService.go:52.2,52.11 1 0
e1m0re/loyalty-srv/internal/service/mocks/SecurityService.go:56.77,59.19 2 0
e1m0re/loyalty-srv/internal/service/mocks/SecurityService.go:59.19,60.55 1 0
e1m0re/loyalty-srv/internal/service/mocks/SecurityService.go:63.2,65.67 3 0
e1m0re/loyalty-srv/internal/service/mocks/SecurityService.go:65.67,67.3 1 0
e1m0re/loyalty-srv/internal/service/mocks/SecurityService.go:68.2,68.58 1 0
e1m0re/loyalty-srv/internal/service/mocks/SecurityService.go:68.58,70.3 1 0
e1m0re/loyalty-srv/internal/service/mocks/SecurityService.go:70.8,72.3 1 0
e1m0re/loyalty-srv/internal/service/mocks/SecurityService.go:74.2,74.57 1 0
e1m0re/loyalty-srv/internal/service/mocks/SecurityService.go:74.57,76.3 1 0
e1m0re/loyalty-srv/internal/service/mocks/SecurityService.go:76.8,78.3 1 0
e1m0re/loyalty-srv/internal/service/mocks/SecurityService.go:80.2,80.15 1 0
e1m0re/loyalty-srv/internal/service/mocks/SecurityService.go:84.77,87.19 2 0
e1m0re/loyalty-srv/internal/service/mocks/SecurityService.go:87.19,88.57 1 0
e1m0re/loyalty-srv/internal/service/mocks/SecurityService.go:91.2,93.61 3 0
e1m0re/loyalty-srv/internal/service/mocks/SecurityService.go:93.61,95.3 1 0
e1m0re/loyalty-srv/internal/service/mocks/SecurityService.go:96.2,96.52 1 0
e1m0re/loyalty-srv/internal/service/mocks/SecurityService.go:96.52,98.3 1 0
e1m0re/loyalty-srv/internal/service/mocks/SecurityService.go:98.8,100.3 1 0
e1m0re/loyalty-srv/internal/service/mocks/SecurityService.go:102.2,102.51 1 0
e1m0re/loyalty-srv/internal/service/mocks/SecurityService.go:102.51,104.3 1 0
e1m0re/loyalty-srv/internal/service/mocks/SecurityService.go:104.8,106.3 1 0
e1m0re/loyalty-srv/internal/service/mocks/SecurityService.go:108.2,108.15 1 0
e1m0re/loyalty-srv/internal/service/mocks/SecurityService.go:116.21,120.19 3 0
e1m0re/loyalty-srv/internal/service/mocks/SecurityService.go:120.19,120.49 1 0
e1m0re/loyalty-srv/internal/service/mocks/SecurityService.go:122.2,122.13 1 0
e1m0re/loyalty-srv/internal/service/mocks/UsersService.go:18.106,21.19 2 0
e1m0re/loyalty-srv/internal/service/mocks/UsersService.go:21.19,22.52 1 0
e1m0re/loyalty-srv/internal/service/mocks/UsersService.go:25.2,27.94 3 0
e1m0re/loyalty-srv/internal/service/mocks/UsersService.go:27.94,29.3 1 0
e1m0re/loyalty-srv/internal/service/mocks/UsersService.go:30.2,30.85 1 0
e1m0re/loyalty-srv/internal/service/mocks/UsersService.go:30.85,32.3 1 0
e1m0re/loyalty-srv/internal/service/mocks/UsersService.go:32.8,33.24 1 0
e1m0re/loyalty-srv/internal/service/mocks/UsersService.go:33.24,35.4 1 0
e1m0re/loyalty-srv/internal/service/mocks/UsersService.go:38.2,38.78 1 0
e1m0re/loyalty-srv/internal/service/mocks/UsersService.go:38.78,40.3 1 0
e1m0re/loyalty-srv/internal/service/mocks/UsersService.go:40.8,42.3 1 0
e1m0re/loyalty-srv/internal/service/mocks/UsersService.go:44.2,44.15 1 0
e1m0re/loyalty-srv/internal/service/mocks/UsersService.go:48.104,51.19 2 0
e1m0re/loyalty-srv/internal/service/mocks/UsersService.go:51.19,52.60 1 0
e1m0re/loyalty-srv/internal/service/mocks/UsersService.go:55.2,57.84 3 0
e1m0re/loyalty-srv/internal/service/mocks/UsersService.go:57.84,59.3 1 0
e1m0re/loyalty-srv/internal/service/mocks/UsersService.go:60.2,60.75 1 0
e1m0re/loyalty-srv/internal/service/mocks/UsersService.go:60.75,62.3 1 0
e1m0re/loyalty-srv/internal/service/mocks/UsersService.go:62.8,63.24 1 0
e1m0re/loyalty-srv/internal/service/mocks/UsersService.go:63.24,65.4 1 0
e1m0re/loyalty-srv/internal/service/mocks/UsersService.go:68.2,68.68 1 0
e1m0re/loyalty-srv/internal/service/mocks/UsersService.go:68.68,70.3 1 0
e1m0re/loyalty-srv/internal/service/mocks/UsersService.go:70.8,72.3 1 0
e1m0re/loyalty-srv/internal/service/mocks/UsersService.go:74.2,74.15 1 0
e1m0re/loyalty-srv/internal/service/mocks/UsersService.go:78.96,81.19 2 0
e1m0re/loyalty-srv/internal/service/mocks/UsersService.go:81.19,82.48 1 0
e1m0re/loyalty-srv/internal/service/mocks/UsersService.go:85.2,87.88 3 0
e1m0re/loyalty-srv/internal/service/mocks/UsersService.go:87.88,89.3 1 0
e1m0re/loyalty-srv/internal/service/mocks/UsersService.go:90.2,90.79 1 0
e1m0re/loyalty-srv/internal/service/mocks/UsersService.go:90.79,92.3 1 0
e1m0re/loyalty-srv/internal/service/mocks/UsersService.go:92.8,94.3 1 0
e1m0re/loyalty-srv/internal/service/mocks/UsersService.go:96.2,96.78 1 0
e1m0re/loyalty-srv/internal/service/mocks/UsersService.go:96.78,98.3 1 0
e1m0re/loyalty-srv/internal/service/mocks/UsersService.go:98.8,100.3 1 0
e1m0re/loyalty-srv/internal/service/mocks/UsersService.go:102.2,102.15 1 0
e1m0re/loyalty-srv/internal/service/mocks/UsersService.go:106.94,109.19 2 0
e1m0re/loyalty-srv/internal/service/mocks/UsersService.go:109.19,110.48 1 0
e1m0re/loyalty-srv/internal/service/mocks/UsersService.go:113.2,115.86 3 0
e1m0re/loyalty-srv/internal/service/mocks/UsersService.go:115.86,117.3 1 0
e1m0re/loyalty-srv/internal/service/mocks/UsersService.go:118.2,118.77 1 0
e1m0re/loyalty-srv/internal/service/mocks/UsersService.go:118.77,120.3 1 0
e1m0re/loyalty-srv/internal/service/mocks/UsersService.go:120.8,122.3 1 0
e1m0re/loyalty-srv/internal/service/mocks/UsersService.go:124.2,124.78 1 0
e1m0re/loyalty-srv/internal/service/mocks/UsersService.go:124.78,126.3 1 0
e1m0re/loyalty-srv/internal/service/mocks/UsersService.go:126.8,128.3 1 0
e1m0re/loyalty-srv/internal/service/mocks/UsersService.go:130.2,130.15 1 0
e1m0re/loyalty-srv/internal/service/mocks/UsersService.go:138.18,142.19 3 0
e1m0re/loyalty-srv/internal/service/mocks/UsersService.go:142.19,142.49 1 0
e1m0re/loyalty-srv/internal/service/mocks/UsersService.go:144.2,144.13 1 0
e1m0re/loyalty-srv/internal/repository/order_repository.go:18.54,22.2 1 0
e1m0re/loyalty-srv/internal/repository/order_repository.go:24.110,34.16 4 0
e1m0re/loyalty-srv/internal/repository/order_repository.go:34.16,36.3 1 0
e1m0re/loyalty-srv/internal/repository/order_repository.go:38.2,38.19 1 0
e1m0re/loyalty-srv/internal/repository/order_repository.go:41.111,44.16 3 0
e1m0re/loyalty-srv/internal/repository/order_repository.go:44.16,45.36 1 0
e1m0re/loyalty-srv/internal/repository/order_repository.go:45.36,47.4 1 0
e1m0re/loyalty-srv/internal/repository/order_repository.go:49.3,49.18 1 0
e1m0re/loyalty-srv/internal/repository/order_repository.go:52.2,52.20 1 0
e1m0re/loyalty-srv/internal/repository/order_repository.go:55.124,58.16 3 0
e1m0re/loyalty-srv/internal/repository/order_repository.go:58.16,60.3 1 0
e1m0re/loyalty-srv/internal/repository/order_repository.go:62.2,62.21 1 0
e1m0re/loyalty-srv/internal/repository/repository.go:31.49,36.2 1 0
e1m0re/loyalty-srv/internal/repository/user_repository.go:20.52,24.2 1 0
e1m0re/loyalty-srv/internal/repository/user_repository.go:26.118,34.16 4 0
e1m0re/loyalty-srv/internal/repository/user_repository.go:34.16,35.44 1 0
e1m0re/loyalty-srv/internal/repository/user_repository.go:35.44,37.4 1 0
e1m0re/loyalty-srv/internal/repository/user_repository.go:38.3,38.18 1 0
e1m0re/loyalty-srv/internal/repository/user_repository.go:41.2,41.18 1 0
e1m0re/loyalty-srv/internal/repository/user_repository.go:44.116,48.9 4 0
e1m0re/loyalty-srv/internal/repository/user_repository.go:49.37,50.42 1 0
e1m0re/loyalty-srv/internal/repository/user_repository.go:51.18,52.18 1 0
e1m0re/loyalty-srv/internal/repository/user_repository.go:53.10,54.9 1 0
e1m0re/loyalty-srv/internal/repository/user_repository.go:58.108,63.2 3 0
e1m0re/loyalty-srv/internal/models/order.go:30.47,39.2 2 0
e1m0re/loyalty-srv/internal/repository/order_repository.go:18.54,22.2 1 0
e1m0re/loyalty-srv/internal/repository/order_repository.go:24.110,34.16 4 0
e1m0re/loyalty-srv/internal/repository/order_repository.go:34.16,36.3 1 0
e1m0re/loyalty-srv/internal/repository/order_repository.go:38.2,38.19 1 0
e1m0re/loyalty-srv/internal/repository/order_repository.go:41.111,44.16 3 0
e1m0re/loyalty-srv/internal/repository/order_repository.go:44.16,45.36 1 0
e1m0re/loyalty-srv/internal/repository/order_repository.go:45.36,47.4 1 0
e1m0re/loyalty-srv/internal/repository/order_repository.go:49.3,49.18 1 0
e1m0re/loyalty-srv/internal/repository/order_repository.go:52.2,52.20 1 0
e1m0re/loyalty-srv/internal/repository/order_repository.go:55.124,58.16 3 0
e1m0re/loyalty-srv/internal/repository/order_repository.go:58.16,60.3 1 0
e1m0re/loyalty-srv/internal/repository/order_repository.go:62.2,62.21 1 0
e1m0re/loyalty-srv/internal/repository/repository.go:31.49,36.2 1 0
e1m0re/loyalty-srv/internal/repository/user_repository.go:20.52,24.2 1 0
e1m0re/loyalty-srv/internal/repository/user_repository.go:26.118,34.16 4 0
e1m0re/loyalty-srv/internal/repository/user_repository.go:34.16,35.44 1 0
e1m0re/loyalty-srv/internal/repository/user_repository.go:35.44,37.4 1 0
e1m0re/loyalty-srv/internal/repository/user_repository.go:38.3,38.18 1 0
e1m0re/loyalty-srv/internal/repository/user_repository.go:41.2,41.18 1 0
e1m0re/loyalty-srv/internal/repository/user_repository.go:44.116,48.9 4 0
e1m0re/loyalty-srv/internal/repository/user_repository.go:49.37,50.42 1 0
e1m0re/loyalty-srv/internal/repository/user_repository.go:51.18,52.18 1 0
e1m0re/loyalty-srv/internal/repository/user_repository.go:53.10,54.9 1 0
e1m0re/loyalty-srv/internal/repository/user_repository.go:58.108,63.2 3 0
e1m0re/loyalty-srv/internal/repository/mocks/OrderRepository.go:18.109,21.19 2 1
e1m0re/loyalty-srv/internal/repository/mocks/OrderRepository.go:21.19,22.50 1 0
e1m0re/loyalty-srv/internal/repository/mocks/OrderRepository.go:25.2,27.95 3 1
e1m0re/loyalty-srv/internal/repository/mocks/OrderRepository.go:27.95,29.3 1 0
e1m0re/loyalty-srv/internal/repository/mocks/OrderRepository.go:30.2,30.86 1 1
e1m0re/loyalty-srv/internal/repository/mocks/OrderRepository.go:30.86,32.3 1 0
e1m0re/loyalty-srv/internal/repository/mocks/OrderRepository.go:32.8,33.24 1 1
e1m0re/loyalty-srv/internal/repository/mocks/OrderRepository.go:33.24,35.4 1 1
e1m0re/loyalty-srv/internal/repository/mocks/OrderRepository.go:38.2,38.78 1 1
e1m0re/loyalty-srv/internal/repository/mocks/OrderRepository.go:38.78,40.3 1 0
e1m0re/loyalty-srv/internal/repository/mocks/OrderRepository.go:40.8,42.3 1 1
e1m0re/loyalty-srv/internal/repository/mocks/OrderRepository.go:44.2,44.15 1 1
e1m0re/loyalty-srv/internal/repository/mocks/OrderRepository.go:48.120,51.19 2 3
e1m0re/loyalty-srv/internal/repository/mocks/OrderRepository.go:51.19,52.65 1 0
e1m0re/loyalty-srv/internal/repository/mocks/OrderRepository.go:55.2,57.94 3 3
e1m0re/loyalty-srv/internal/repository/mocks/OrderRepository.go:57.94,59.3 1 0
e1m0re/loyalty-srv/internal/repository/mocks/OrderRepository.go:60.2,60.85 1 3
e1m0re/loyalty-srv/internal/repository/mocks/OrderRepository.go:60.85,62.3 1 0
e1m0re/loyalty-srv/internal/repository/mocks/OrderRepository.go:62.8,63.24 1 3
e1m0re/loyalty-srv/internal/repository/mocks/OrderRepository.go:63.24,65.4 1 3
e1m0re/loyalty-srv/internal/repository/mocks/OrderRepository.go:68.2,68.75 1 3
e1m0re/loyalty-srv/internal/repository/mocks/OrderRepository.go:68.75,70.3 1 0
e1m0re/loyalty-srv/internal/repository/mocks/OrderRepository.go:70.8,72.3 1 3
e1m0re/loyalty-srv/internal/repository/mocks/OrderRepository.go:74.2,74.15 1 3
e1m0re/loyalty-srv/internal/repository/mocks/OrderRepository.go:78.110,81.19 2 1
e1m0re/loyalty-srv/internal/repository/mocks/OrderRepository.go:81.19,82.58 1 0
e1m0re/loyalty-srv/internal/repository/mocks/OrderRepository.go:85.2,87.94 3 1
e1m0re/loyalty-srv/internal/repository/mocks/OrderRepository.go:87.94,89.3 1 0
e1m0re/loyalty-srv/internal/repository/mocks/OrderRepository.go:90.2,90.85 1 1
e1m0re/loyalty-srv/internal/repository/mocks/OrderRepository.go:90.85,92.3 1 0
e1m0re/loyalty-srv/internal/repository/mocks/OrderRepository.go:92.8,93.24 1 1
e1m0re/loyalty-srv/internal/repository/mocks/OrderRepository.go:93.24,95.4 1 0
e1m0re/loyalty-srv/internal/repository/mocks/OrderRepository.go:98.2,98.77 1 1
e1m0re/loyalty-srv/internal/repository/mocks/OrderRepository.go:98.77,100.3 1 0
e1m0re/loyalty-srv/internal/repository/mocks/OrderRepository.go:100.8,102.3 1 1
e1m0re/loyalty-srv/internal/repository/mocks/OrderRepository.go:104.2,104.15 1 1
e1m0re/loyalty-srv/internal/repository/mocks/OrderRepository.go:112.21,116.19 3 8
e1m0re/loyalty-srv/internal/repository/mocks/OrderRepository.go:116.19,116.49 1 8
e1m0re/loyalty-srv/internal/repository/mocks/OrderRepository.go:118.2,118.13 1 8
e1m0re/loyalty-srv/internal/repository/mocks/UserRepository.go:20.107,23.19 2 3
e1m0re/loyalty-srv/internal/repository/mocks/UserRepository.go:23.19,24.52 1 0
e1m0re/loyalty-srv/internal/repository/mocks/UserRepository.go:27.2,29.93 3 3
e1m0re/loyalty-srv/internal/repository/mocks/UserRepository.go:29.93,31.3 1 0
e1m0re/loyalty-srv/internal/repository/mocks/UserRepository.go:32.2,32.84 1 3
e1m0re/loyalty-srv/internal/repository/mocks/UserRepository.go:32.84,34.3 1 0
e1m0re/loyalty-srv/internal/repository/mocks/UserRepository.go:34.8,35.24 1 3
e1m0re/loyalty-srv/internal/repository/mocks/UserRepository.go:35.24,37.4 1 1
e1m0re/loyalty-srv/internal/repository/mocks/UserRepository.go:40.2,40.77 1 3
e1m0re/loyalty-srv/internal/repository/mocks/UserRepository.go:40.77,42.3 1 0
e1m0re/loyalty-srv/internal/repository/mocks/UserRepository.go:42.8,44.3 1 3
e1m0re/loyalty-srv/internal/repository/mocks/UserRepository.go:46.2,46.15 1 3
e1m0re/loyalty-srv/internal/repository/mocks/UserRepository.go:50.105,53.19 2 4
e1m0re/loyalty-srv/internal/repository/mocks/UserRepository.go:53.19,54.59 1 0
e1m0re/loyalty-srv/internal/repository/mocks/UserRepository.go:57.2,59.84 3 4
e1m0re/loyalty-srv/internal/repository/mocks/UserRepository.go:59.84,61.3 1 0
e1m0re/loyalty-srv/internal/repository/mocks/UserRepository.go:62.2,62.75 1 4
e1m0re/loyalty-srv/internal/repository/mocks/UserRepository.go:62.75,64.3 1 0
e1m0re/loyalty-srv/internal/repository/mocks/UserRepository.go:64.8,65.24 1 4
e1m0re/loyalty-srv/internal/repository/mocks/UserRepository.go:65.24,67.4 1 3
e1m0re/loyalty-srv/internal/repository/mocks/UserRepository.go:70.2,70.68 1 4
e1m0re/loyalty-srv/internal/repository/mocks/UserRepository.go:70.68,72.3 1 0
e1m0re/loyalty-srv/internal/repository/mocks/UserRepository.go:72.8,74.3 1 4
e1m0re/loyalty-srv/internal/repository/mocks/UserRepository.go:76.2,76.15 1 4
e1m0re/loyalty-srv/internal/repository/mocks/UserRepository.go:80.106,83.19 2 2
e1m0re/loyalty-srv/internal/repository/mocks/UserRepository.go:83.19,84.62 1 0
e1m0re/loyalty-srv/internal/repository/mocks/UserRepository.go:87.2,88.86 2 2
e1m0re/loyalty-srv/internal/repository/mocks/UserRepository.go:88.86,90.3 1 0
e1m0re/loyalty-srv/internal/repository/mocks/UserRepository.go:90.8,92.3 1 2
e1m0re/loyalty-srv/internal/repository/mocks/UserRepository.go:94.2,94.11 1 2
e1m0re/loyalty-srv/internal/repository/mocks/UserRepository.go:102.20,106.19 3 7
e1m0re/loyalty-srv/internal/repository/mocks/UserRepository.go:106.19,106.49 1 7
e1m0re/loyalty-srv/internal/repository/mocks/UserRepository.go:108.2,108.13 1 7
e1m0re/loyalty-srv/internal/service/accounts_service.go:12.43,14.2 1 0
e1m0re/loyalty-srv/internal/service/accounts_service.go:16.110,18.2 1 0
e1m0re/loyalty-srv/internal/service/accounts_service.go:20.118,22.2 1 0
e1m0re/loyalty-srv/internal/service/accounts_service.go:24.141,26.2 1 0
e1m0re/loyalty-srv/internal/service/accounts_service.go:28.114,30.2 1 0
e1m0re/loyalty-srv/internal/service/accounts_service.go:32.120,34.2 1 0
e1m0re/loyalty-srv/internal/service/orders_service.go:17.81,21.2 1 0
e1m0re/loyalty-srv/internal/service/orders_service.go:23.108,25.19 2 5
e1m0re/loyalty-srv/internal/service/orders_service.go:25.19,27.3 1 1
e1m0re/loyalty-srv/internal/service/orders_service.go:29.2,31.33 3 4
e1m0re/loyalty-srv/internal/service/orders_service.go:31.33,35.17 4 37
e1m0re/loyalty-srv/internal/service/orders_service.go:35.17,37.4 1 1
e1m0re/loyalty-srv/internal/service/orders_service.go:39.3,39.22 1 36
e1m0re/loyalty-srv/internal/service/orders_service.go:39.22,41.17 2 17
e1m0re/loyalty-srv/internal/service/orders_service.go:41.17,43.5 1 6
e1m0re/loyalty-srv/internal/service/orders_service.go:45.3,45.15 1 36
e1m0re/loyalty-srv/internal/service/orders_service.go:48.2,50.16 2 3
e1m0re/loyalty-srv/internal/service/orders_service.go:53.106,55.9 2 1
e1m0re/loyalty-srv/internal/service/orders_service.go:55.9,57.3 1 0
e1m0re/loyalty-srv/internal/service/orders_service.go:59.2,60.16 2 1
e1m0re/loyalty-srv/internal/service/orders_service.go:60.16,62.3 1 0
e1m0re/loyalty-srv/internal/service/orders_service.go:64.2,64.18 1 1
e1m0re/loyalty-srv/internal/service/orders_service.go:64.18,65.39 1 0
e1m0re/loyalty-srv/internal/service/orders_service.go:65.39,67.4 1 0
e1m0re/loyalty-srv/internal/service/orders_service.go:69.3,69.41 1 0
e1m0re/loyalty-srv/internal/service/orders_service.go:72.2,73.16 2 1
e1m0re/loyalty-srv/internal/service/orders_service.go:73.16,75.3 1 0
e1m0re/loyalty-srv/internal/service/orders_service.go:77.2,77.19 1 1
e1m0re/loyalty-srv/internal/service/orders_service.go:80.120,82.2 1 3
e1m0re/loyalty-srv/internal/service/orders_service.go:84.140,86.2 1 0
e1m0re/loyalty-srv/internal/service/security_service.go:14.62,18.2 1 0
e1m0re/loyalty-srv/internal/service/security_service.go:20.65,22.2 1 0
e1m0re/loyalty-srv/internal/service/security_service.go:24.77,27.16 3 0
e1m0re/loyalty-srv/internal/service/security_service.go:27.16,29.3 1 0
e1m0re/loyalty-srv/internal/service/security_service.go:30.2,30.26 1 0
e1m0re/loyalty-srv/internal/service/security_service.go:33.85,35.2 1 0
e1m0re/loyalty-srv/internal/service/security_service.go:37.77,42.2 3 0
e1m0re/loyalty-srv/internal/service/service.go:51.92,58.2 1 0
e1m0re/loyalty-srv/internal/service/users_service.go:16.110,21.2 1 0
e1m0re/loyalty-srv/internal/service/users_service.go:23.115,25.16 2 4
e1m0re/loyalty-srv/internal/service/users_service.go:25.16,27.3 1 1
e1m0re/loyalty-srv/internal/service/users_service.go:29.2,34.18 2 3
e1m0re/loyalty-srv/internal/service/users_service.go:37.113,39.2 1 4
e1m0re/loyalty-srv/internal/service/users_service.go:41.106,43.16 2 4
e1m0re/loyalty-srv/internal/service/users_service.go:43.16,45.3 1 1
e1m0re/loyalty-srv/internal/service/users_service.go:47.2,47.73 1 3
e1m0re/loyalty-srv/internal/service/users_service.go:47.73,49.3 1 1
e1m0re/loyalty-srv/internal/service/users_service.go:51.2,52.16 2 2
e1m0re/loyalty-srv/internal/service/users_service.go:52.16,54.3 1 1
e1m0re/loyalty-srv/internal/service/users_service.go:56.2,56.47 1 1
e1m0re/loyalty-srv/internal/service/users_service.go:59.101,61.2 1 0
e1m0re/loyalty-srv/internal/service/mocks/AccountsService.go:18.111,21.19 2 0
e1m0re/loyalty-srv/internal/service/mocks/AccountsService.go:21.19,22.60 1 0
e1m0re/loyalty-srv/internal/service/mocks/AccountsService.go:25.2,27.94 3 0
e1m0re/loyalty-srv/internal/service/mocks/AccountsService.go:27.94,29.3 1 0
e1m0re/loyalty-srv/internal/service/mocks/AccountsService.go:30.2,30.85 1 0
e1m0re/loyalty-srv/internal/service/mocks/AccountsService.go:30.85,32.3 1 0
e1m0re/loyalty-srv/internal/service/mocks/AccountsService.go:32.8,33.24 1 0
e1m0re/loyalty-srv/internal/service/mocks/AccountsService.go:33.24,35.4 1 0
e1m0re/loyalty-srv/internal/service/mocks/AccountsService.go:38.2,38.75 1 0
e1m0re/loyalty-srv/internal/service/mocks/AccountsService.go:38.75,40.3 1 0
e1m0re/loyalty-srv/internal/service/mocks/AccountsService.go:40.8,42.3 1 0
e1m0re/loyalty-srv/internal/service/mocks/AccountsService.go:44.2,44.15 1 0
e1m0re/loyalty-srv/internal/service/mocks/AccountsService.go:48.119,51.19 2 0
e1m0re/loyalty-srv/internal/service/mocks/AccountsService.go:51.19,52.64 1 0
e1m0re/loyalty-srv/internal/service/mocks/AccountsService.go:55.2,57.98 3 0
e1m0re/loyalty-srv/internal/service/mocks/AccountsService.go:57.98,59.3 1 0
e1m0re/loyalty-srv/internal/service/mocks/AccountsService.go:60.2,60.89 1 0
e1m0re/loyalty-srv/internal/service/mocks/AccountsService.go:60.89,62.3 1 0
e1m0re/loyalty-srv/internal/service/mocks/AccountsService.go:62.8,63.24 1 0
e1m0re/loyalty-srv/internal/service/mocks/AccountsService.go:63.24,65.4 1 0
e1m0re/loyalty-srv/internal/service/mocks/AccountsService.go:68.2,68.75 1 0
e1m0re/loyalty-srv/internal/service/mocks/AccountsService.go:68.75,70.3 1 0
e1m0re/loyalty-srv/internal/service/mocks/AccountsService.go:70.8,72.3 1 0
e1m0re/loyalty-srv/internal/service/mocks/AccountsService.go:74.2,74.15 1 0
e1m0re/loyalty-srv/internal/service/mocks/AccountsService.go:78.112,81.19 2 0
e1m0re/loyalty-srv/internal/service/mocks/AccountsService.go:81.19,82.56 1 0
e1m0re/loyalty-srv/internal/service/mocks/AccountsService.go:85.2,87.99 3 0
e1m0re/loyalty-srv/internal/service/mocks/AccountsService.go:87.99,89.3 1 0
e1m0re/loyalty-srv/internal/service/mocks/AccountsService.go:90.2,90.90 1 0
e1m0re/loyalty-srv/internal/service/mocks/AccountsService.go:90.90,92.3 1 0
e1m0re/loyalty-srv/internal/service/mocks/AccountsService.go:92.8,93.24 1 0
e1m0re/loyalty-srv/internal/service/mocks/AccountsService.go:93.24,95.4 1 0
e1m0re/loyalty-srv/internal/service/mocks/AccountsService.go:98.2,98.75 1 0
e1m0re/loyalty-srv/internal/service/mocks/AccountsService.go:98.75,100.3 1 0
e1m0re/loyalty-srv/internal/service/mocks/AccountsService.go:100.8,102.3 1 0
e1m0re/loyalty-srv/internal/service/mocks/AccountsService.go:104.2,104.15 1 0
e1m0re/loyalty-srv/internal/service/mocks/AccountsService.go:108.121,111.19 2 0
e1m0re/loyalty-srv/internal/service/mocks/AccountsService.go:111.19,112.55 1 0
e1m0re/loyalty-srv/internal/service/mocks/AccountsService.go:115.2,117.102 3 0
e1m0re/loyalty-srv/internal/service/mocks/AccountsService.go:117.102,119.3 1 0
e1m0re/loyalty-srv/internal/service/mocks/AccountsService.go:120.2,120.93 1 0
e1m0re/loyalty-srv/internal/service/mocks/AccountsService.go:120.93,122.3 1 0
e1m0re/loyalty-srv/internal/service/mocks/AccountsService.go:122.8,123.24 1 0
e1m0re/loyalty-srv/internal/service/mocks/AccountsService.go:123.24,125.4 1 0
e1m0re/loyalty-srv/internal/service/mocks/AccountsService.go:128.2,128.83 1 0
e1m0re/loyalty-srv/internal/service/mocks/AccountsService.go:128.83,130.3 1 0
e1m0re/loyalty-srv/internal/service/mocks/AccountsService.go:130.8,132.3 1 0
e1m0re/loyalty-srv/internal/service/mocks/AccountsService.go:134.2,134.15 1 0
e1m0re/loyalty-srv/internal/service/mocks/AccountsService.go:138.142,141.19 2 0
e1m0re/loyalty-srv/internal/service/mocks/AccountsService.go:141.19,142.50 1 0
e1m0re/loyalty-srv/internal/service/mocks/AccountsService.go:145.2,147.119 3 0
e1m0re/loyalty-srv/internal/service/mocks/AccountsService.go:147.119,149.3 1 0
e1m0re/loyalty-srv/internal/service/mocks/AccountsService.go:150.2,150.110 1 0
e1m0re/loyalty-srv/internal/service/mocks/AccountsService.go:150.110,152.3 1 0
e1m0re/loyalty-srv/internal/service/mocks/AccountsService.go:152.8,153.24 1 0
e1m0re/loyalty-srv/internal/service/mocks/AccountsService.go:153.24,155.4 1 0
e1m0re/loyalty-srv/internal/service/mocks/AccountsService.go:158.2,158.100 1 0
e1m0re/loyalty-srv/internal/service/mocks/AccountsService.go:158.100,160.3 1 0
e1m0re/loyalty-srv/internal/service/mocks/AccountsService.go:160.8,162.3 1 0
e1m0re/loyalty-srv/internal/service/mocks/AccountsService.go:164.2,164.15 1 0
e1m0re/loyalty-srv/internal/service/mocks/AccountsService.go:172.21,176.19 3 0
e1m0re/loyalty-srv/internal/service/mocks/AccountsService.go:176.19,176.49 1 0
e1m0re/loyalty-srv/internal/service/mocks/AccountsService.go:178.2,178.13 1 0
e1m0re/loyalty-srv/internal/service/mocks/OrdersService.go:18.118,21.19 2 0
e1m0re/loyalty-srv/internal/service/mocks/OrdersService.go:21.19,22.65 1 0
e1m0re/loyalty-srv/internal/service/mocks/OrdersService.go:25.2,27.94 3 0
e1m0re/loyalty-srv/internal/service/mocks/OrdersService.go:27.94,29.3 1 0
e1m0re/loyalty-srv/internal/service/mocks/OrdersService.go:30.2,30.85 1 0
e1m0re/loyalty-srv/internal/service/mocks/OrdersService.go:30.85,32.3 1 0
e1m0re/loyalty-srv/internal/service/mocks/OrdersService.go:32.8,33.24 1 0
e1m0re/loyalty-srv/internal/service/mocks/OrdersService.go:33.24,35.4 1 0
e1m0re/loyalty-srv/internal/service/mocks/OrdersService.go:38.2,38.75 1 0
e1m0re/loyalty-srv/internal/service/mocks/OrdersService.go:38.75,40.3 1 0
e1m0re/loyalty-srv/internal/service/mocks/OrdersService.go:40.8,42.3 1 0
e1m0re/loyalty-srv/internal/service/mocks/OrdersService.go:44.2,44.15 1 0
e1m0re/loyalty-srv/internal/service/mocks/OrdersService.go:48.107,51.19 2 0
e1m0re/loyalty-srv/internal/service/mocks/OrdersService.go:51.19,52.50 1 0
e1m0re/loyalty-srv/internal/service/mocks/OrdersService.go:55.2,57.95 3 0
e1m0re/loyalty-srv/internal/service/mocks/OrdersService.go:57.95,59.3 1 0
e1m0re/loyalty-srv/internal/service/mocks/OrdersService.go:60.2,60.86 1 0
e1m0re/loyalty-srv/internal/service/mocks/OrdersService.go:60.86,62.3 1 0
e1m0re/loyalty-srv/internal/service/mocks/OrdersService.go:62.8,63.24 1 0
e1m0re/loyalty-srv/internal/service/mocks/OrdersService.go:63.24,65.4 1 0
e1m0re/loyalty-srv/internal/service/mocks/OrdersService.go:68.2,68.78 1 0
e1m0re/loyalty-srv/internal/service/mocks/OrdersService.go:68.78,70.3 1 0
e1m0re/loyalty-srv/internal/service/mocks/OrdersService.go:70.8,72.3 1 0
e1m0re/loyalty-srv/internal/service/mocks/OrdersService.go:74.2,74.15 1 0
e1m0re/loyalty-srv/internal/service/mocks/OrdersService.go:78.141,81.19 2 0
e1m0re/loyalty-srv/internal/service/mocks/OrdersService.go:81.19,82.53 1 0
e1m0re/loyalty-srv/internal/service/mocks/OrdersService.go:85.2,87.118 3 0
e1m0re/loyalty-srv/internal/service/mocks/OrdersService.go:87.118,89.3 1 0
e1m0re/loyalty-srv/internal/service/mocks/OrdersService.go:90.2,90.109 1 0
e1m0re/loyalty-srv/internal/service/mocks/OrdersService.go:90.109,92.3 1 0
e1m0re/loyalty-srv/internal/service/mocks/OrdersService.go:92.8,94.3 1 0
e1m0re/loyalty-srv/internal/service/mocks/OrdersService.go:96.2,96.102 1 0
e1m0re/loyalty-srv/internal/service/mocks/OrdersService.go:96.102,98.3 1 0
e1m0re/loyalty-srv/internal/service/mocks/OrdersService.go:98.8,100.3 1 0
e1m0re/loyalty-srv/internal/service/mocks/OrdersService.go:102.2,102.15 1 0
e1m0re/loyalty-srv/internal/service/mocks/OrdersService.go:106.102,109.19 2 0
e1m0re/loyalty-srv/internal/service/mocks/OrdersService.go:109.19,110.56 1 0
e1m0re/loyalty-srv/internal/service/mocks/OrdersService.go:113.2,115.85 3 0
e1m0re/loyalty-srv/internal/service/mocks/OrdersService.go:115.85,117.3 1 0
e1m0re/loyalty-srv/internal/service/mocks/OrdersService.go:118.2,118.76 1 0
e1m0re/loyalty-srv/internal/service/mocks/OrdersService.go:118.76,120.3 1 0
e1m0re/loyalty-srv/internal/service/mocks/OrdersService.go:120.8,122.3 1 0
e1m0re/loyalty-srv/internal/service/mocks/OrdersService.go:124.2,124.77 1 0
e1m0re/loyalty-srv/internal/service/mocks/OrdersService.go:124.77,126.3 1 0
e1m0re/loyalty-srv/internal/service/mocks/OrdersService.go:126.8,128.3 1 0
e1m0re/loyalty-srv/internal/service/mocks/OrdersService.go:130.2,130.15 1 0
e1m0re/loyalty-srv/internal/service/mocks/OrdersService.go:138.19,142.19 3 0
e1m0re/loyalty-srv/internal/service/mocks/OrdersService.go:142.19,142.49 1 0
e1m0re/loyalty-srv/internal/service/mocks/OrdersService.go:144.2,144.13 1 0
e1m0re/loyalty-srv/internal/service/mocks/SecurityService.go:18.85,21.19 2 3
e1m0re/loyalty-srv/internal/service/mocks/SecurityService.go:21.19,22.55 1 0
e1m0re/loyalty-srv/internal/service/mocks/SecurityService.go:25.2,26.58 2 3
e1m0re/loyalty-srv/internal/service/mocks/SecurityService.go:26.58,28.3 1 0
e1m0re/loyalty-srv/internal/service/mocks/SecurityService.go:28.8,30.3 1 3
e1m0re/loyalty-srv/internal/service/mocks/SecurityService.go:32.2,32.11 1 3
e1m0re/loyalty-srv/internal/service/mocks/SecurityService.go:36.65,39.19 2 0
e1m0re/loyalty-srv/internal/service/mocks/SecurityService.go:39.19,40.59 1 0
e1m0re/loyalty-srv/internal/service/mocks/SecurityService.go:43.2,44.56 2 0
e1m0re/loyalty-srv/internal/service/mocks/SecurityService.go:44.56,46.3 1 0
e1m0re/loyalty-srv/internal/service/mocks/SecurityService.go:46.8,47.24 1 0
e1m0re/loyalty-srv/internal/service/mocks/SecurityService.go:47.24,49.4 1 0
e1m0re/loyalty-srv/internal/service/mocks/SecurityService.go:52.2,52.11 1 0
e1m0re/loyalty-srv/internal/service/mocks/SecurityService.go:56.77,59.19 2 1
e1m0re/loyalty-srv/internal/service/mocks/SecurityService.go:59.19,60.55 1 0
e1m0re/loyalty-srv/internal/service/mocks/SecurityService.go:63.2,65.67 3 0
e1m0re/loyalty-srv/internal/service/mocks/SecurityService.go:65.67,67.3 1 0
e1m0re/loyalty-srv/internal/service/mocks/SecurityService.go:68.2,68.58 1 0
e1m0re/loyalty-srv/internal/service/mocks/SecurityService.go:68.58,70.3 1 0
e1m0re/loyalty-srv/internal/service/mocks/SecurityService.go:70.8,72.3 1 0
e1m0re/loyalty-srv/internal/service/mocks/SecurityService.go:74.2,74.57 1 0
e1m0re/loyalty-srv/internal/service/mocks/SecurityService.go:74.57,76.3 1 0
e1m0re/loyalty-srv/internal/service/mocks/SecurityService.go:76.8,78.3 1 0
e1m0re/loyalty-srv/internal/service/mocks/SecurityService.go:80.2,80.15 1 0
e1m0re/loyalty-srv/internal/service/mocks/SecurityService.go:84.77,87.19 2 4
e1m0re/loyalty-srv/internal/service/mocks/SecurityService.go:87.19,88.57 1 0
e1m0re/loyalty-srv/internal/service/mocks/SecurityService.go:91.2,93.61 3 4
e1m0re/loyalty-srv/internal/service/mocks/SecurityService.go:93.61,95.3 1 0
e1m0re/loyalty-srv/internal/service/mocks/SecurityService.go:96.2,96.52 1 4
e1m0re/loyalty-srv/internal/service/mocks/SecurityService.go:96.52,98.3 1 0
e1m0re/loyalty-srv/internal/service/mocks/SecurityService.go:98.8,100.3 1 4
e1m0re/loyalty-srv/internal/service/mocks/SecurityService.go:102.2,102.51 1 4
e1m0re/loyalty-srv/internal/service/mocks/SecurityService.go:102.51,104.3 1 0
e1m0re/loyalty-srv/internal/service/mocks/SecurityService.go:104.8,106.3 1 4
e1m0re/loyalty-srv/internal/service/mocks/SecurityService.go:108.2,108.15 1 4
e1m0re/loyalty-srv/internal/service/mocks/SecurityService.go:116.21,120.19 3 7
e1m0re/loyalty-srv/internal/service/mocks/SecurityService.go:120.19,120.49 1 7
e1m0re/loyalty-srv/internal/service/mocks/SecurityService.go:122.2,122.13 1 7
e1m0re/loyalty-srv/internal/service/mocks/UsersService.go:18.106,21.19 2 0
e1m0re/loyalty-srv/internal/service/mocks/UsersService.go:21.19,22.52 1 0
e1m0re/loyalty-srv/internal/service/mocks/UsersService.go:25.2,27.94 3 0
e1m0re/loyalty-srv/internal/service/mocks/UsersService.go:27.94,29.3 1 0
e1m0re/loyalty-srv/internal/service/mocks/UsersService.go:30.2,30.85 1 0
e1m0re/loyalty-srv/internal/service/mocks/UsersService.go:30.85,32.3 1 0
e1m0re/loyalty-srv/internal/service/mocks/UsersService.go:32.8,33.24 1 0
e1m0re/loyalty-srv/internal/service/mocks/UsersService.go:33.24,35.4 1 0
e1m0re/loyalty-srv/internal/service/mocks/UsersService.go:38.2,38.78 1 0
e1m0re/loyalty-srv/internal/service/mocks/UsersService.go:38.78,40.3 1 0
e1m0re/loyalty-srv/internal/service/mocks/UsersService.go:40.8,42.3 1 0
e1m0re/loyalty-srv/internal/service/mocks/UsersService.go:44.2,44.15 1 0
e1m0re/loyalty-srv/internal/service/mocks/UsersService.go:48.104,51.19 2 0
e1m0re/loyalty-srv/internal/service/mocks/UsersService.go:51.19,52.60 1 0
e1m0re/loyalty-srv/internal/service/mocks/UsersService.go:55.2,57.84 3 0
e1m0re/loyalty-srv/internal/service/mocks/UsersService.go:57.84,59.3 1 0
e1m0re/loyalty-srv/internal/service/mocks/UsersService.go:60.2,60.75 1 0
e1m0re/loyalty-srv/internal/service/mocks/UsersService.go:60.75,62.3 1 0
e1m0re/loyalty-srv/internal/service/mocks/UsersService.go:62.8,63.24 1 0
e1m0re/loyalty-srv/internal/service/mocks/UsersService.go:63.24,65.4 1 0
e1m0re/loyalty-srv/internal/service/mocks/UsersService.go:68.2,68.68 1 0
e1m0re/loyalty-srv/internal/service/mocks/UsersService.go:68.68,70.3 1 0
e1m0re/loyalty-srv/internal/service/mocks/UsersService.go:70.8,72.3 1 0
e1m0re/loyalty-srv/internal/service/mocks/UsersService.go:74.2,74.15 1 0
e1m0re/loyalty-srv/internal/service/mocks/UsersService.go:78.96,81.19 2 0
e1m0re/loyalty-srv/internal/service/mocks/UsersService.go:81.19,82.48 1 0
e1m0re/loyalty-srv/internal/service/mocks/UsersService.go:85.2,87.88 3 0
e1m0re/loyalty-srv/internal/service/mocks/UsersService.go:87.88,89.3 1 0
e1m0re/loyalty-srv/internal/service/mocks/UsersService.go:90.2,90.79 1 0
e1m0re/loyalty-srv/internal/service/mocks/UsersService.go:90.79,92.3 1 0
e1m0re/loyalty-srv/internal/service/mocks/UsersService.go:92.8,94.3 1 0
e1m0re/loyalty-srv/internal/service/mocks/UsersService.go:96.2,96.78 1 0
e1m0re/loyalty-srv/internal/service/mocks/UsersService.go:96.78,98.3 1 0
e1m0re/loyalty-srv/internal/service/mocks/UsersService.go:98.8,100.3 1 0
e1m0re/loyalty-srv/internal/service/mocks/UsersService.go:102.2,102.15 1 0
e1m0re/loyalty-srv/internal/service/mocks/UsersService.go:106.94,109.19 2 0
e1m0re/loyalty-srv/internal/service/mocks/UsersService.go:109.19,110.48 1 0
e1m0re/loyalty-srv/internal/service/mocks/UsersService.go:113.2,115.86 3 0
e1m0re/loyalty-srv/internal/service/mocks/UsersService.go:115.86,117.3 1 0
e1m0re/loyalty-srv/internal/service/mocks/UsersService.go:118.2,118.77 1 0
e1m0re/loyalty-srv/internal/service/mocks/UsersService.go:118.77,120.3 1 0
e1m0re/loyalty-srv/internal/service/mocks/UsersService.go:120.8,122.3 1 0
e1m0re/loyalty-srv/internal/service/mocks/UsersService.go:124.2,124.78 1 0
e1m0re/loyalty-srv/internal/service/mocks/UsersService.go:124.78,126.3 1 0
e1m0re/loyalty-srv/internal/service/mocks/UsersService.go:126.8,128.3 1 0
e1m0re/loyalty-srv/internal/service/mocks/UsersService.go:130.2,130.15 1 0
e1m0re/loyalty-srv/internal/service/mocks/UsersService.go:138.18,142.19 3 0
e1m0re/loyalty-srv/internal/service/mocks/UsersService.go:142.19,142.49 1 0
e1m0re/loyalty-srv/internal/service/mocks/UsersService.go:144.2,144.13 1 0
